--- 
curl-to-ipfs: 18/03/2022 23:12:29,76 started... 
        1 file(s) copied.
        1 file(s) copied.
        1 file(s) copied.
CID: QmeVijtPLnBSHqjxAoj6vqHs3Q3jw3sXVKfiwhUUUYqGRt 
https://bafybeihqbxdi6gzecnd5vgp6q3glvcuwusgwseqw3skg6tzcmovcjzulj4.ipfs.dweb.link 
curl-to-ipfs: Pinning to Pinata 
pinned QmeVijtPLnBSHqjxAoj6vqHs3Q3jw3sXVKfiwhUUUYqGRt recursively
curl-to-ipfs: Publishing to bellingcat_ukraine 
Published to k2k4r8k7lcogpmkq9mkf3ykg1rexvhmxcinz5z91k8v49gbem6ivjp1v: /ipfs/QmeVijtPLnBSHqjxAoj6vqHs3Q3jw3sXVKfiwhUUUYqGRt
--- 
curl-to-ipfs: 19/03/2022  8:46:05,02 started... 
file 1 size is  
--- 
curl-to-ipfs: 19/03/2022  8:50:16,66 started... 
file 1 size is  
--- 
curl-to-ipfs: 19/03/2022  8:50:56,69 started... 
file 1 size is 63389 
file 2 size is 2104 
file 3 size is 116618 
        1 file(s) copied.
        1 file(s) copied.
        1 file(s) copied.
CID: QmeVijtPLnBSHqjxAoj6vqHs3Q3jw3sXVKfiwhUUUYqGRt 
https://bafybeihqbxdi6gzecnd5vgp6q3glvcuwusgwseqw3skg6tzcmovcjzulj4.ipfs.dweb.link 
curl-to-ipfs: Pinning to Pinata 
pinned QmeVijtPLnBSHqjxAoj6vqHs3Q3jw3sXVKfiwhUUUYqGRt recursively
curl-to-ipfs: Publishing to bellingcat_ukraine ... 
Published to k2k4r8k7lcogpmkq9mkf3ykg1rexvhmxcinz5z91k8v49gbem6ivjp1v: /ipfs/QmeVijtPLnBSHqjxAoj6vqHs3Q3jw3sXVKfiwhUUUYqGRt
--- 
curl-to-ipfs: 19/03/2022 21:45:00,35 started... 
file 1 size is 68629 
file 2 size is 2104 
file 3 size is 123414 
        1 file(s) copied.
        1 file(s) copied.
        1 file(s) copied.
CID: QmUzha8cba3wSmc95wuxv8QfRbRxeWPvQZmLdTkUmNFFqV 
https://bafybeidc4vw47n3otonbv52xw7gzy5slhrrjmpuuddzg5ayimi3pc5vvgq.ipfs.dweb.link 
curl-to-ipfs: Pinning to Pinata 
pinned QmUzha8cba3wSmc95wuxv8QfRbRxeWPvQZmLdTkUmNFFqV recursively

--- 
curl-to-ipfs: 19/03/2022 22:26:45,10 started... 
file 1 size is 68629 
file 2 size is 2104 
file 3 size is 123414 
        1 file(s) copied.
        1 file(s) copied.
        1 file(s) copied.
CID: QmUzha8cba3wSmc95wuxv8QfRbRxeWPvQZmLdTkUmNFFqV 
https://bafybeidc4vw47n3otonbv52xw7gzy5slhrrjmpuuddzg5ayimi3pc5vvgq.ipfs.dweb.link 
curl-to-ipfs: Pinning to Pinata 
pinned QmUzha8cba3wSmc95wuxv8QfRbRxeWPvQZmLdTkUmNFFqV recursively
curl-to-ipfs: Publishing to bellingcat_ukraine ... 
--- 
curl-to-ipfs: 19/03/2022 22:40:32,03 started... 
file 1 size is 68629 
file 2 size is 2104 
file 3 size is 123414 
        1 file(s) copied.
        1 file(s) copied.
        1 file(s) copied.
CID: QmUzha8cba3wSmc95wuxv8QfRbRxeWPvQZmLdTkUmNFFqV 
https://bafybeidc4vw47n3otonbv52xw7gzy5slhrrjmpuuddzg5ayimi3pc5vvgq.ipfs.dweb.link 
curl-to-ipfs: Pinning to Pinata 
pinned QmUzha8cba3wSmc95wuxv8QfRbRxeWPvQZmLdTkUmNFFqV recursively

--- 
curl-to-ipfs: 19/03/2022 22:43:55,60 started... 
file 1 size is 68629 
file 2 size is 2104 
file 3 size is 123414 
        1 file(s) copied.
        1 file(s) copied.
        1 file(s) copied.
CID: QmUzha8cba3wSmc95wuxv8QfRbRxeWPvQZmLdTkUmNFFqV 
https://bafybeidc4vw47n3otonbv52xw7gzy5slhrrjmpuuddzg5ayimi3pc5vvgq.ipfs.dweb.link 
curl-to-ipfs: Pinning... 
pinned QmUzha8cba3wSmc95wuxv8QfRbRxeWPvQZmLdTkUmNFFqV recursively
curl-to-ipfs: Publishing to bellingcat_ukraine ... 
Published to k2k4r8k7lcogpmkq9mkf3ykg1rexvhmxcinz5z91k8v49gbem6ivjp1v: /ipfs/QmUzha8cba3wSmc95wuxv8QfRbRxeWPvQZmLdTkUmNFFqV
--- 
curl-to-ipfs: 20/03/2022  8:40:52,46 started... 
file 1 size is 68629 
file 2 size is 2104 
file 3 size is 123414 
        1 file(s) copied.
        1 file(s) copied.
        1 file(s) copied.
CID: QmUzha8cba3wSmc95wuxv8QfRbRxeWPvQZmLdTkUmNFFqV 
https://bafybeidc4vw47n3otonbv52xw7gzy5slhrrjmpuuddzg5ayimi3pc5vvgq.ipfs.dweb.link 
curl-to-ipfs: Pinning... 
pinned QmUzha8cba3wSmc95wuxv8QfRbRxeWPvQZmLdTkUmNFFqV recursively
curl-to-ipfs: Publishing to bellingcat_ukraine ... 
Published to k2k4r8k7lcogpmkq9mkf3ykg1rexvhmxcinz5z91k8v49gbem6ivjp1v: /ipfs/QmUzha8cba3wSmc95wuxv8QfRbRxeWPvQZmLdTkUmNFFqV
--- 
curl-to-ipfs: 20/03/2022 13:45:01,30 started... 
file 1 size is 68629 
file 2 size is 2104 
file 3 size is 123414 
        1 file(s) copied.
        1 file(s) copied.
        1 file(s) copied.
CID: QmUzha8cba3wSmc95wuxv8QfRbRxeWPvQZmLdTkUmNFFqV 
https://bafybeidc4vw47n3otonbv52xw7gzy5slhrrjmpuuddzg5ayimi3pc5vvgq.ipfs.dweb.link 
curl-to-ipfs: Pinning... 
pinned QmUzha8cba3wSmc95wuxv8QfRbRxeWPvQZmLdTkUmNFFqV recursively
curl-to-ipfs: Publishing to bellingcat_ukraine ... 
Published to k2k4r8k7lcogpmkq9mkf3ykg1rexvhmxcinz5z91k8v49gbem6ivjp1v: /ipfs/QmUzha8cba3wSmc95wuxv8QfRbRxeWPvQZmLdTkUmNFFqV
--- 
curl-to-ipfs: 20/03/2022 17:16:24,58 started... 
file 1 size is 68629 
file 2 size is 2104 
file 3 size is 123414 
        1 file(s) copied.
        1 file(s) copied.
        1 file(s) copied.
CID: QmUzha8cba3wSmc95wuxv8QfRbRxeWPvQZmLdTkUmNFFqV 
https://bafybeidc4vw47n3otonbv52xw7gzy5slhrrjmpuuddzg5ayimi3pc5vvgq.ipfs.dweb.link 
curl-to-ipfs: Pinning... 
pinned QmUzha8cba3wSmc95wuxv8QfRbRxeWPvQZmLdTkUmNFFqV recursively
curl-to-ipfs: Publishing to bellingcat_ukraine ... 
--- 
curl-to-ipfs: 20/03/2022 17:20:37,46 started... 
file 1 size is 68629 
file 2 size is 2104 
file 3 size is 123414 
        1 file(s) copied.
        1 file(s) copied.
        1 file(s) copied.
CID: QmUzha8cba3wSmc95wuxv8QfRbRxeWPvQZmLdTkUmNFFqV 
https://bafybeidc4vw47n3otonbv52xw7gzy5slhrrjmpuuddzg5ayimi3pc5vvgq.ipfs.dweb.link 
curl-to-ipfs: Pinning... 
pinned QmUzha8cba3wSmc95wuxv8QfRbRxeWPvQZmLdTkUmNFFqV recursively
curl-to-ipfs: Publishing to bellingcat_ukraine ... 
Published to k2k4r8k7lcogpmkq9mkf3ykg1rexvhmxcinz5z91k8v49gbem6ivjp1v: /ipfs/QmUzha8cba3wSmc95wuxv8QfRbRxeWPvQZmLdTkUmNFFqV
--- 
curl-to-ipfs: 20/03/2022 17:48:23,91 started... 
file 1 size is 68629 
file 2 size is 2104 
file 3 size is 123414 
        1 file(s) copied.
        1 file(s) copied.
        1 file(s) copied.
CID: QmUzha8cba3wSmc95wuxv8QfRbRxeWPvQZmLdTkUmNFFqV 
https://bafybeidc4vw47n3otonbv52xw7gzy5slhrrjmpuuddzg5ayimi3pc5vvgq.ipfs.dweb.link 
curl-to-ipfs: Pinning... 
pinned QmUzha8cba3wSmc95wuxv8QfRbRxeWPvQZmLdTkUmNFFqV recursively
curl-to-ipfs: Publishing to IPNS key bellingcat_ukraine ... 
Published to k2k4r8k7lcogpmkq9mkf3ykg1rexvhmxcinz5z91k8v49gbem6ivjp1v: /ipfs/QmUzha8cba3wSmc95wuxv8QfRbRxeWPvQZmLdTkUmNFFqV
--- 
curl-to-ipfs: 20/03/2022 17:49:55,60 started... 
file 1 size is 68629 
file 2 size is 2104 
file 3 size is 123414 
        1 file(s) copied.
        1 file(s) copied.
        1 file(s) copied.
CID: QmUzha8cba3wSmc95wuxv8QfRbRxeWPvQZmLdTkUmNFFqV 
https://bafybeidc4vw47n3otonbv52xw7gzy5slhrrjmpuuddzg5ayimi3pc5vvgq.ipfs.dweb.link 
curl-to-ipfs: Pinning... 
pinned QmUzha8cba3wSmc95wuxv8QfRbRxeWPvQZmLdTkUmNFFqV recursively
Uploading 8 files
Content added with CID: bafybeiahzglykaxes63rkd6aomwmsdfqz3v3gllggirihqsei2uewzebme
curl-to-ipfs: Publishing to IPNS key bellingcat_ukraine ... 
Published to k2k4r8k7lcogpmkq9mkf3ykg1rexvhmxcinz5z91k8v49gbem6ivjp1v: /ipfs/QmUzha8cba3wSmc95wuxv8QfRbRxeWPvQZmLdTkUmNFFqV
--- 
curl-to-ipfs: 20/03/2022 21:45:01,89 started... 
file 1 size is 68629 
file 2 size is 2104 
file 3 size is 123414 
        1 file(s) copied.
        1 file(s) copied.
        1 file(s) copied.
CID: QmUzha8cba3wSmc95wuxv8QfRbRxeWPvQZmLdTkUmNFFqV 
https://bafybeidc4vw47n3otonbv52xw7gzy5slhrrjmpuuddzg5ayimi3pc5vvgq.ipfs.dweb.link 
curl-to-ipfs: Pinning... 
pinned QmUzha8cba3wSmc95wuxv8QfRbRxeWPvQZmLdTkUmNFFqV recursively
Uploading 8 files
Content added with CID: bafybeiahzglykaxes63rkd6aomwmsdfqz3v3gllggirihqsei2uewzebme
curl-to-ipfs: Publishing to IPNS key bellingcat_ukraine ... 
Published to k2k4r8k7lcogpmkq9mkf3ykg1rexvhmxcinz5z91k8v49gbem6ivjp1v: /ipfs/QmUzha8cba3wSmc95wuxv8QfRbRxeWPvQZmLdTkUmNFFqV
--- 
curl-to-ipfs: 21/03/2022 13:45:00,86 started... 
file 1 size is 70142 
file 2 size is 2104 
file 3 size is 129322 
        1 file(s) copied.
        1 file(s) copied.
        1 file(s) copied.
CID: QmbyF2rueA6C2orRoAmnNAibQu5DkTpMySn8e8UEEcXLbx 
https://bafybeigkq6tbd6eo2pcxwjrgazc5n6uoyq7pqaiddmutxe3pgakzcaz6k4.ipfs.dweb.link 
curl-to-ipfs: Pinning... 
pinned QmbyF2rueA6C2orRoAmnNAibQu5DkTpMySn8e8UEEcXLbx recursively
Uploading 8 files
Content added with CID: bafybeia7en2vpe6gdtfizegljr37dscey7ijrnlzyu47qtgub6g7btxy2m
curl-to-ipfs: Publishing to IPNS key bellingcat_ukraine ... 
--- 
curl-to-ipfs: 21/03/2022 21:45:00,86 started... 
file 1 size is 0 
--- 
curl-to-ipfs: 21/03/2022 23:04:04,64 started... 
file 1 size is 70515 
file 2 size is 2104 
file 3 size is 107459 
        1 file(s) copied.
        1 file(s) copied.
        1 file(s) copied.
CID: QmTxa5qyWzVXuFDMibewYeFDVCXgJg7tTgzs7xbozz8pZs 
https://bafybeictpyotckbo2kd63cvskltbgutu5o7jqb5j6g3p726d7dtd4uay2y.ipfs.dweb.link 
curl-to-ipfs: Pinning... 
pinned QmTxa5qyWzVXuFDMibewYeFDVCXgJg7tTgzs7xbozz8pZs recursively
Uploading 8 files
Content added with CID: bafybeicu5tbk2wr2bl6oqhu6ygp5jisffgqdo7cwbgnllospx2t5usdcl4
curl-to-ipfs: Publishing to IPNS key bellingcat_ukraine ... 
Published to k2k4r8k7lcogpmkq9mkf3ykg1rexvhmxcinz5z91k8v49gbem6ivjp1v: /ipfs/QmTxa5qyWzVXuFDMibewYeFDVCXgJg7tTgzs7xbozz8pZs
--- 
curl-to-ipfs: 22/03/2022  7:20:20,15 started... 
file 1 size is 70515 
file 2 size is 2104 
file 3 size is 107459 
        1 file(s) copied.
        1 file(s) copied.
        1 file(s) copied.
CID: QmTxa5qyWzVXuFDMibewYeFDVCXgJg7tTgzs7xbozz8pZs 
https://bafybeictpyotckbo2kd63cvskltbgutu5o7jqb5j6g3p726d7dtd4uay2y.ipfs.dweb.link 
curl-to-ipfs: Pinning... 
pinned QmTxa5qyWzVXuFDMibewYeFDVCXgJg7tTgzs7xbozz8pZs recursively
Uploading 8 files
Content added with CID: bafybeicu5tbk2wr2bl6oqhu6ygp5jisffgqdo7cwbgnllospx2t5usdcl4
curl-to-ipfs: Publishing to IPNS key bellingcat_ukraine ... 
Published to k2k4r8k7lcogpmkq9mkf3ykg1rexvhmxcinz5z91k8v49gbem6ivjp1v: /ipfs/QmTxa5qyWzVXuFDMibewYeFDVCXgJg7tTgzs7xbozz8pZs
--- 
curl-to-ipfs: 22/03/2022 13:45:00,80 started... 
file 1 size is 70515 
file 2 size is 2104 
file 3 size is 107459 
        1 file(s) copied.
        1 file(s) copied.
        1 file(s) copied.
CID: QmTxa5qyWzVXuFDMibewYeFDVCXgJg7tTgzs7xbozz8pZs 
https://bafybeictpyotckbo2kd63cvskltbgutu5o7jqb5j6g3p726d7dtd4uay2y.ipfs.dweb.link 
curl-to-ipfs: Pinning... 
pinned QmTxa5qyWzVXuFDMibewYeFDVCXgJg7tTgzs7xbozz8pZs recursively
Uploading 8 files
Content added with CID: bafybeicu5tbk2wr2bl6oqhu6ygp5jisffgqdo7cwbgnllospx2t5usdcl4
curl-to-ipfs: Publishing to IPNS key bellingcat_ukraine ... 
--- 
curl-to-ipfs: 22/03/2022 21:45:00,98 started... 
file 1 size is 71103 
file 2 size is 2104 
file 3 size is 108173 
        1 file(s) copied.
        1 file(s) copied.
        1 file(s) copied.
CID: QmaP6cGYJYAmKa9Fn4kfKqvkYvTxjL6QpEsnX34sBnGip9 
https://bafybeifs5syhbjvzq3x5flb4srg4m22ukxu5uuqllfru3zz5g645zr3l3i.ipfs.dweb.link 
curl-to-ipfs: Pinning... 
pinned QmaP6cGYJYAmKa9Fn4kfKqvkYvTxjL6QpEsnX34sBnGip9 recursively
Uploading 8 files
Content added with CID: bafybeigdvpz2luokxdfxg5hkfevj2hhncsvrlanbcavq3u2mqt5pyllu2i
curl-to-ipfs: Publishing to IPNS key bellingcat_ukraine ... 
--- 
curl-to-ipfs: 23/03/2022  9:59:55,50 started... 
file 1 size is 71103 
file 2 size is 2104 
file 3 size is 108173 
        1 file(s) copied.
        1 file(s) copied.
        1 file(s) copied.
CID: QmaP6cGYJYAmKa9Fn4kfKqvkYvTxjL6QpEsnX34sBnGip9 
https://bafybeifs5syhbjvzq3x5flb4srg4m22ukxu5uuqllfru3zz5g645zr3l3i.ipfs.dweb.link 
curl-to-ipfs: Pinning... 
pinned QmaP6cGYJYAmKa9Fn4kfKqvkYvTxjL6QpEsnX34sBnGip9 recursively
Uploading 8 files
Content added with CID: bafybeigdvpz2luokxdfxg5hkfevj2hhncsvrlanbcavq3u2mqt5pyllu2i
curl-to-ipfs: Publishing to IPNS key bellingcat_ukraine ... 
Published to k2k4r8k7lcogpmkq9mkf3ykg1rexvhmxcinz5z91k8v49gbem6ivjp1v: /ipfs/QmaP6cGYJYAmKa9Fn4kfKqvkYvTxjL6QpEsnX34sBnGip9
--- 
curl-to-ipfs: 23/03/2022 13:45:00,91 started... 
file 1 size is 71103 
file 2 size is 2104 
file 3 size is 108173 
        1 file(s) copied.
        1 file(s) copied.
        1 file(s) copied.
CID: QmaP6cGYJYAmKa9Fn4kfKqvkYvTxjL6QpEsnX34sBnGip9 
https://bafybeifs5syhbjvzq3x5flb4srg4m22ukxu5uuqllfru3zz5g645zr3l3i.ipfs.dweb.link 
curl-to-ipfs: Pinning... 
pinned QmaP6cGYJYAmKa9Fn4kfKqvkYvTxjL6QpEsnX34sBnGip9 recursively
Uploading 8 files
Content added with CID: bafybeigdvpz2luokxdfxg5hkfevj2hhncsvrlanbcavq3u2mqt5pyllu2i
curl-to-ipfs: Publishing to IPNS key bellingcat_ukraine ... 
--- 
curl-to-ipfs: 23/03/2022 21:45:01,22 started... 
file 1 size is 71535 
file 2 size is 2104 
file 3 size is 111488 
        1 file(s) copied.
        1 file(s) copied.
        1 file(s) copied.
CID: Qmckw2vDfewr1cQLKcGWq4bRqpF9PEpTohjGCoLRZXaJcz 
https://bafybeigwhqb24n5vxxcpefkeu5joic4xgosdruqpitmqhojccsqtmipycm.ipfs.dweb.link 
curl-to-ipfs: Pinning... 
pinned Qmckw2vDfewr1cQLKcGWq4bRqpF9PEpTohjGCoLRZXaJcz recursively
Uploading 8 files
Content added with CID: bafybeidl3amd4v5gior5zczc3g3j7ehdbv6rohnrltfrwjyhvl6sqcdmoy
curl-to-ipfs: Publishing to IPNS key bellingcat_ukraine ... 
--- 
curl-to-ipfs: 24/03/2022 13:45:00,96 started... 
file 1 size is 71535 
file 2 size is 2104 
file 3 size is 111046 
        1 file(s) copied.
        1 file(s) copied.
        1 file(s) copied.
CID: QmRi8aMVfivA19f6oaYbjnu3kCrTriWxqY6urZL7Pr75kT 
https://bafybeibscpcc5kb25qujdfx2yj5qb3oubrlpkpkgggqgd4izmpzwzmbgfa.ipfs.dweb.link 
curl-to-ipfs: Pinning... 
pinned QmRi8aMVfivA19f6oaYbjnu3kCrTriWxqY6urZL7Pr75kT recursively
Uploading 8 files
Content added with CID: bafybeicberkv6awesduurdxqehre4cklhcz2mcqc2k3zza2njt7la4dgvm
curl-to-ipfs: Publishing to IPNS key bellingcat_ukraine ... 
Published to k2k4r8k7lcogpmkq9mkf3ykg1rexvhmxcinz5z91k8v49gbem6ivjp1v: /ipfs/QmRi8aMVfivA19f6oaYbjnu3kCrTriWxqY6urZL7Pr75kT
--- 
curl-to-ipfs: 24/03/2022 21:45:00,92 started... 
file 1 size is 75243 
file 2 size is 2104 
file 3 size is 113679 
        1 file(s) copied.
        1 file(s) copied.
        1 file(s) copied.
CID: QmUJV4onG1WmmHmxa2c5KyjFXPpSedahGjQu6jj8h2pWBA 
https://bafybeicytahhiutkn3hhpm5usy5yxvube54gmxd5nfre2cbkzdi4aw5tre.ipfs.dweb.link 
curl-to-ipfs: Pinning... 
pinned QmUJV4onG1WmmHmxa2c5KyjFXPpSedahGjQu6jj8h2pWBA recursively
Uploading 8 files
Content added with CID: bafybeierlnevs3qb7bepyuxd6ggq6poyahhbo7eepntqbarhwdvam56u7q
curl-to-ipfs: Publishing to IPNS key bellingcat_ukraine ... 
Published to k2k4r8k7lcogpmkq9mkf3ykg1rexvhmxcinz5z91k8v49gbem6ivjp1v: /ipfs/QmUJV4onG1WmmHmxa2c5KyjFXPpSedahGjQu6jj8h2pWBA
--- 
curl-to-ipfs: 25/03/2022 12:32:46,98 started... 
file 1 size is 75243 
file 2 size is 2104 
file 3 size is 113679 
        1 file(s) copied.
        1 file(s) copied.
        1 file(s) copied.
CID: QmUJV4onG1WmmHmxa2c5KyjFXPpSedahGjQu6jj8h2pWBA 
https://bafybeicytahhiutkn3hhpm5usy5yxvube54gmxd5nfre2cbkzdi4aw5tre.ipfs.dweb.link 
curl-to-ipfs: Pinning... 
pinned QmUJV4onG1WmmHmxa2c5KyjFXPpSedahGjQu6jj8h2pWBA recursively
Uploading 8 files
Content added with CID: bafybeierlnevs3qb7bepyuxd6ggq6poyahhbo7eepntqbarhwdvam56u7q
curl-to-ipfs: Publishing to IPNS key bellingcat_ukraine ... 
Published to k2k4r8k7lcogpmkq9mkf3ykg1rexvhmxcinz5z91k8v49gbem6ivjp1v: /ipfs/QmUJV4onG1WmmHmxa2c5KyjFXPpSedahGjQu6jj8h2pWBA
--- 
curl-to-ipfs: 25/03/2022 13:45:00,89 started... 
file 1 size is 75243 
file 2 size is 2104 
file 3 size is 113679 
        1 file(s) copied.
        1 file(s) copied.
        1 file(s) copied.
CID: QmUJV4onG1WmmHmxa2c5KyjFXPpSedahGjQu6jj8h2pWBA 
https://bafybeicytahhiutkn3hhpm5usy5yxvube54gmxd5nfre2cbkzdi4aw5tre.ipfs.dweb.link 
curl-to-ipfs: Pinning... 
pinned QmUJV4onG1WmmHmxa2c5KyjFXPpSedahGjQu6jj8h2pWBA recursively
Uploading 8 files
Content added with CID: bafybeierlnevs3qb7bepyuxd6ggq6poyahhbo7eepntqbarhwdvam56u7q
curl-to-ipfs: Publishing to IPNS key bellingcat_ukraine ... 
Published to k2k4r8k7lcogpmkq9mkf3ykg1rexvhmxcinz5z91k8v49gbem6ivjp1v: /ipfs/QmUJV4onG1WmmHmxa2c5KyjFXPpSedahGjQu6jj8h2pWBA
--- 
curl-to-ipfs: 25/03/2022 21:45:00,87 started... 
file 1 size is 80694 
file 2 size is 2104 
file 3 size is 118466 
        1 file(s) copied.
        1 file(s) copied.
        1 file(s) copied.
CID: Qmdxz38V1QxVCYJe9ycfM69uUbTETkjdkyDEcGGTdkUojZ 
https://bafybeihifyitoabng5oig7lznhqg4lossxg6w2ahhcl4hrwdivjje7hvqq.ipfs.dweb.link 
curl-to-ipfs: Pinning... 
pinned Qmdxz38V1QxVCYJe9ycfM69uUbTETkjdkyDEcGGTdkUojZ recursively
Uploading 8 files
Content added with CID: bafybeic3wffj4zo2nhi6sxbom6xaldobsukyylkq2zlk2ukraqvvzli2fa
curl-to-ipfs: Publishing to IPNS key bellingcat_ukraine ... 
--- 
curl-to-ipfs: 25/03/2022 22:11:25,48 started... 
file 1 size is 80694 
file 2 size is 2104 
file 3 size is 118466 
        1 file(s) copied.
        1 file(s) copied.
        1 file(s) copied.
CID: Qmdxz38V1QxVCYJe9ycfM69uUbTETkjdkyDEcGGTdkUojZ 
https://bafybeihifyitoabng5oig7lznhqg4lossxg6w2ahhcl4hrwdivjje7hvqq.ipfs.dweb.link 
curl-to-ipfs: Pinning... 
pinned Qmdxz38V1QxVCYJe9ycfM69uUbTETkjdkyDEcGGTdkUojZ recursively
Uploading 8 files
Content added with CID: bafybeic3wffj4zo2nhi6sxbom6xaldobsukyylkq2zlk2ukraqvvzli2fa
curl-to-ipfs: Publishing to IPNS key bellingcat_ukraine ... 
Published to k2k4r8k7lcogpmkq9mkf3ykg1rexvhmxcinz5z91k8v49gbem6ivjp1v: /ipfs/Qmdxz38V1QxVCYJe9ycfM69uUbTETkjdkyDEcGGTdkUojZ
--- 
curl-to-ipfs: 26/03/2022 13:45:00,93 started... 
file 1 size is 80694 
file 2 size is 2104 
file 3 size is 118466 
        1 file(s) copied.
        1 file(s) copied.
        1 file(s) copied.
CID: Qmdxz38V1QxVCYJe9ycfM69uUbTETkjdkyDEcGGTdkUojZ 
https://bafybeihifyitoabng5oig7lznhqg4lossxg6w2ahhcl4hrwdivjje7hvqq.ipfs.dweb.link 
curl-to-ipfs: Pinning... 
pinned Qmdxz38V1QxVCYJe9ycfM69uUbTETkjdkyDEcGGTdkUojZ recursively
Uploading 8 files
Content added with CID: bafybeic3wffj4zo2nhi6sxbom6xaldobsukyylkq2zlk2ukraqvvzli2fa
curl-to-ipfs: Publishing to IPNS key bellingcat_ukraine ... 
Published to k2k4r8k7lcogpmkq9mkf3ykg1rexvhmxcinz5z91k8v49gbem6ivjp1v: /ipfs/Qmdxz38V1QxVCYJe9ycfM69uUbTETkjdkyDEcGGTdkUojZ
--- 
curl-to-ipfs: 26/03/2022 17:50:54,36 started... 
file 1 size is 80694 
file 2 size is 2104 
file 3 size is 118466 
        1 file(s) copied.
        1 file(s) copied.
        1 file(s) copied.
CID: Qmdxz38V1QxVCYJe9ycfM69uUbTETkjdkyDEcGGTdkUojZ 
https://bafybeihifyitoabng5oig7lznhqg4lossxg6w2ahhcl4hrwdivjje7hvqq.ipfs.dweb.link 
curl-to-ipfs: Pinning... 
pinned Qmdxz38V1QxVCYJe9ycfM69uUbTETkjdkyDEcGGTdkUojZ recursively
Uploading 8 files
Content added with CID: bafybeic3wffj4zo2nhi6sxbom6xaldobsukyylkq2zlk2ukraqvvzli2fa
curl-to-ipfs: Publishing to IPNS key bellingcat_ukraine ... 
Published to k2k4r8k7lcogpmkq9mkf3ykg1rexvhmxcinz5z91k8v49gbem6ivjp1v: /ipfs/Qmdxz38V1QxVCYJe9ycfM69uUbTETkjdkyDEcGGTdkUojZ
--- 
curl-to-ipfs: 26/03/2022 21:45:01,06 started... 
file 1 size is 81946 
file 2 size is 2232 
file 3 size is 121716 
        1 file(s) copied.
        1 file(s) copied.
        1 file(s) copied.
CID: QmXuV7StE2KoJbGCwEuNkq5fh5jqMDoDCzatJCSpZ61tBT 
https://bafybeieoej7tzmmxhsyyczhvjvzby5lslkfkqvqygo4wulmin3sht25ldi.ipfs.dweb.link 
curl-to-ipfs: Pinning... 
pinned QmXuV7StE2KoJbGCwEuNkq5fh5jqMDoDCzatJCSpZ61tBT recursively
Uploading 8 files
Content added with CID: bafybeid3hnnodjzcoylwtortgqkes5hs5xnutucbzclsh6bjswpxfvci3y
curl-to-ipfs: Publishing to IPNS key bellingcat_ukraine ... 
Published to k2k4r8k7lcogpmkq9mkf3ykg1rexvhmxcinz5z91k8v49gbem6ivjp1v: /ipfs/QmXuV7StE2KoJbGCwEuNkq5fh5jqMDoDCzatJCSpZ61tBT
--- 
curl-to-ipfs: 27/03/2022 13:45:00,45 started... 
file 1 size is 81946 
file 2 size is 2232 
file 3 size is 121716 
        1 file(s) copied.
        1 file(s) copied.
        1 file(s) copied.
CID: QmXuV7StE2KoJbGCwEuNkq5fh5jqMDoDCzatJCSpZ61tBT 
https://bafybeieoej7tzmmxhsyyczhvjvzby5lslkfkqvqygo4wulmin3sht25ldi.ipfs.dweb.link 
curl-to-ipfs: Pinning... 
pinned QmXuV7StE2KoJbGCwEuNkq5fh5jqMDoDCzatJCSpZ61tBT recursively
Uploading 8 files
Content added with CID: bafybeid3hnnodjzcoylwtortgqkes5hs5xnutucbzclsh6bjswpxfvci3y
curl-to-ipfs: Publishing to IPNS key bellingcat_ukraine ... 
--- 
curl-to-ipfs: 27/03/2022 19:25:37,93 started... 
file 1 size is 82641 
file 2 size is 2232 
file 3 size is 123909 
        1 file(s) copied.
        1 file(s) copied.
        1 file(s) copied.
CID: QmVLmVY4p2MRkiGPg1jPqC4SiEW1tw9CJER6zHfcETTfiF 
https://bafybeidibf5hk5ymvwvmt7cbouwzssg63kgeodvx7krjk3of2bs7oyuzia.ipfs.dweb.link 
curl-to-ipfs: Pinning... 
pinned QmVLmVY4p2MRkiGPg1jPqC4SiEW1tw9CJER6zHfcETTfiF recursively
Uploading 8 files
Content added with CID: bafybeidb3eqcigz2ogrcfkqvv6sx6ptq24qv4v5d646wrcha7mpcv7qgyq
curl-to-ipfs: Publishing to IPNS key bellingcat_ukraine ... 
--- 
curl-to-ipfs: 27/03/2022 21:45:00,50 started... 
file 1 size is 82641 
file 2 size is 2232 
file 3 size is 123909 
        1 file(s) copied.
        1 file(s) copied.
        1 file(s) copied.
CID: QmVLmVY4p2MRkiGPg1jPqC4SiEW1tw9CJER6zHfcETTfiF 
https://bafybeidibf5hk5ymvwvmt7cbouwzssg63kgeodvx7krjk3of2bs7oyuzia.ipfs.dweb.link 
curl-to-ipfs: Pinning... 
pinned QmVLmVY4p2MRkiGPg1jPqC4SiEW1tw9CJER6zHfcETTfiF recursively
Uploading 8 files
Content added with CID: bafybeidb3eqcigz2ogrcfkqvv6sx6ptq24qv4v5d646wrcha7mpcv7qgyq
curl-to-ipfs: Publishing to IPNS key bellingcat_ukraine ... 
--- 
curl-to-ipfs: 27/03/2022 22:07:27,63 started... 
file 1 size is 82641 
file 2 size is 2232 
file 3 size is 123909 
        1 file(s) copied.
        1 file(s) copied.
        1 file(s) copied.
CID: QmVLmVY4p2MRkiGPg1jPqC4SiEW1tw9CJER6zHfcETTfiF 
https://bafybeidibf5hk5ymvwvmt7cbouwzssg63kgeodvx7krjk3of2bs7oyuzia.ipfs.dweb.link 
curl-to-ipfs: Pinning... 
pinned QmVLmVY4p2MRkiGPg1jPqC4SiEW1tw9CJER6zHfcETTfiF recursively
Uploading 8 files
Content added with CID: bafybeidb3eqcigz2ogrcfkqvv6sx6ptq24qv4v5d646wrcha7mpcv7qgyq
curl-to-ipfs: Publishing to IPNS key bellingcat_ukraine ... 
Published to k2k4r8k7lcogpmkq9mkf3ykg1rexvhmxcinz5z91k8v49gbem6ivjp1v: /ipfs/QmVLmVY4p2MRkiGPg1jPqC4SiEW1tw9CJER6zHfcETTfiF
--- 
curl-to-ipfs: 28/03/2022 23:05:12,79 started... 
file 1 size is 84059 
file 2 size is 2232 
file 3 size is 126022 
        1 file(s) copied.
        1 file(s) copied.
        1 file(s) copied.
CID: QmUpTzfV2GRieErszmmWjHbawXKhtZ4ccGRwRei52LuzrE 
https://bafybeidaizco4zq5zp2hkdcg5bxinnrhj2i4lfojaijui7manutd3io2tm.ipfs.dweb.link 
curl-to-ipfs: Pinning... 
pinned QmUpTzfV2GRieErszmmWjHbawXKhtZ4ccGRwRei52LuzrE recursively
Uploading 8 files
Content added with CID: bafybeig56klhfa6emirmhlehwvdmihamdt5w37bwke7ztcwtysisa3huza
curl-to-ipfs: Publishing to IPNS key bellingcat_ukraine ... 
Published to k2k4r8k7lcogpmkq9mkf3ykg1rexvhmxcinz5z91k8v49gbem6ivjp1v: /ipfs/QmUpTzfV2GRieErszmmWjHbawXKhtZ4ccGRwRei52LuzrE
--- 
curl-to-ipfs: 29/03/2022  5:45:00,86 started... 
file 1 size is 84059 
file 2 size is 2232 
file 3 size is 126022 
        1 file(s) copied.
        1 file(s) copied.
        1 file(s) copied.
CID: QmUpTzfV2GRieErszmmWjHbawXKhtZ4ccGRwRei52LuzrE 
https://bafybeidaizco4zq5zp2hkdcg5bxinnrhj2i4lfojaijui7manutd3io2tm.ipfs.dweb.link 
curl-to-ipfs: Pinning... 
pinned QmUpTzfV2GRieErszmmWjHbawXKhtZ4ccGRwRei52LuzrE recursively
Uploading 8 files
Content added with CID: bafybeig56klhfa6emirmhlehwvdmihamdt5w37bwke7ztcwtysisa3huza
curl-to-ipfs: Publishing to IPNS key bellingcat_ukraine ... 
Published to k2k4r8k7lcogpmkq9mkf3ykg1rexvhmxcinz5z91k8v49gbem6ivjp1v: /ipfs/QmUpTzfV2GRieErszmmWjHbawXKhtZ4ccGRwRei52LuzrE
--- 
curl-to-ipfs: 29/03/2022 13:45:00,87 started... 
file 1 size is 84059 
file 2 size is 2232 
file 3 size is 126022 
        1 file(s) copied.
        1 file(s) copied.
        1 file(s) copied.
CID: QmUpTzfV2GRieErszmmWjHbawXKhtZ4ccGRwRei52LuzrE 
https://bafybeidaizco4zq5zp2hkdcg5bxinnrhj2i4lfojaijui7manutd3io2tm.ipfs.dweb.link 
curl-to-ipfs: Pinning... 
pinned QmUpTzfV2GRieErszmmWjHbawXKhtZ4ccGRwRei52LuzrE recursively
Uploading 8 files
Content added with CID: bafybeig56klhfa6emirmhlehwvdmihamdt5w37bwke7ztcwtysisa3huza
curl-to-ipfs: Publishing to IPNS key bellingcat_ukraine ... 
--- 
curl-to-ipfs: 29/03/2022 21:45:00,84 started... 
file 1 size is 85872 
file 2 size is 2232 
file 3 size is 130130 
        1 file(s) copied.
        1 file(s) copied.
        1 file(s) copied.
CID: QmSpMJugLW54E95X7F2J4fJdocheweejymrES5A7K2A6zV 
https://bafybeiccq5la5v6udw5e3sv3tp3qy5upzv3pbsvlqnsidw7y322f2yu2oi.ipfs.dweb.link 
curl-to-ipfs: Pinning... 
pinned QmSpMJugLW54E95X7F2J4fJdocheweejymrES5A7K2A6zV recursively
Uploading 8 files
Content added with CID: bafybeicym5m3r6tgsqksvcr46ic4gnxky6rbs57fdx5a3exh3yvmkcq32m
curl-to-ipfs: Publishing to IPNS key bellingcat_ukraine ... 
--- 
curl-to-ipfs: 29/03/2022 23:35:46,09 started... 
file 1 size is 85872 
file 2 size is 2232 
file 3 size is 130130 
        1 file(s) copied.
        1 file(s) copied.
        1 file(s) copied.
CID: QmSpMJugLW54E95X7F2J4fJdocheweejymrES5A7K2A6zV 
https://bafybeiccq5la5v6udw5e3sv3tp3qy5upzv3pbsvlqnsidw7y322f2yu2oi.ipfs.dweb.link 
curl-to-ipfs: Pinning... 
pinned QmSpMJugLW54E95X7F2J4fJdocheweejymrES5A7K2A6zV recursively
Uploading 8 files
Content added with CID: bafybeicym5m3r6tgsqksvcr46ic4gnxky6rbs57fdx5a3exh3yvmkcq32m
curl-to-ipfs: Publishing to IPNS key bellingcat_ukraine ... 
Published to k2k4r8k7lcogpmkq9mkf3ykg1rexvhmxcinz5z91k8v49gbem6ivjp1v: /ipfs/QmSpMJugLW54E95X7F2J4fJdocheweejymrES5A7K2A6zV
--- 
curl-to-ipfs: 30/03/2022 21:45:00,93 started... 
file 1 size is 88293 
file 2 size is 2360 
file 3 size is 132540 
        1 file(s) copied.
        1 file(s) copied.
        1 file(s) copied.
CID: QmPn4dETqnKzV7uHeFD5DetdkpkYnDhFxZck6o6YdusTfG 
https://bafybeiavly74aqoraskuxnjkngbimlk5iuqn52vccivgomkxhdmpxrqwem.ipfs.dweb.link 
curl-to-ipfs: Pinning... 
pinned QmPn4dETqnKzV7uHeFD5DetdkpkYnDhFxZck6o6YdusTfG recursively
Uploading 8 files
Content added with CID: bafybeiestdziofhwbqab5faws5zspl42blx5azp6nqikq2zv6d6kzxectm
curl-to-ipfs: Publishing to IPNS key bellingcat_ukraine ... 
Published to k2k4r8k7lcogpmkq9mkf3ykg1rexvhmxcinz5z91k8v49gbem6ivjp1v: /ipfs/QmPn4dETqnKzV7uHeFD5DetdkpkYnDhFxZck6o6YdusTfG
--- 
curl-to-ipfs: 31/03/2022 13:45:00,90 started... 
file 1 size is 88293 
file 2 size is 2360 
file 3 size is 132335 
        1 file(s) copied.
        1 file(s) copied.
        1 file(s) copied.
CID: QmSJAWECMp3DHVpH6u4C4Az9UBCkd3Y4FugVYFmEdNQsH4 
https://bafybeib2zoy57ojcc3k2q2clraog7l3yk3i74ozhn6z5xty2yytvf7xgkm.ipfs.dweb.link 
curl-to-ipfs: Pinning... 
pinned QmSJAWECMp3DHVpH6u4C4Az9UBCkd3Y4FugVYFmEdNQsH4 recursively
Uploading 8 files
Content added with CID: bafybeifa6hognkn6gs2vd5ioz7c3y5ke3l4fb6ovkmlvokpdfm23pia25q
curl-to-ipfs: Publishing to IPNS key bellingcat_ukraine ... 
--- 
curl-to-ipfs: 31/03/2022 21:45:01,02 started... 
file 1 size is 88293 
file 2 size is 2360 
file 3 size is 132335 
        1 file(s) copied.
        1 file(s) copied.
        1 file(s) copied.
CID: QmSJAWECMp3DHVpH6u4C4Az9UBCkd3Y4FugVYFmEdNQsH4 
https://bafybeib2zoy57ojcc3k2q2clraog7l3yk3i74ozhn6z5xty2yytvf7xgkm.ipfs.dweb.link 
curl-to-ipfs: Pinning... 
pinned QmSJAWECMp3DHVpH6u4C4Az9UBCkd3Y4FugVYFmEdNQsH4 recursively
Uploading 8 files
Content added with CID: bafybeifa6hognkn6gs2vd5ioz7c3y5ke3l4fb6ovkmlvokpdfm23pia25q
curl-to-ipfs: Publishing to IPNS key bellingcat_ukraine ... 
--- 
curl-to-ipfs: 31/03/2022 23:16:14,42 started... 
file 1 size is 91760 
file 2 size is 2360 
file 3 size is 137458 
        1 file(s) copied.
        1 file(s) copied.
        1 file(s) copied.
CID: QmXET4FBCURJpyK43MF4m1Jrc2LotaS9wZeCbpKVCrJZ8H 
https://bafybeieeekcyuiqvzapazouwi4vxroketkhhh7v2l73pv7s3bqdsjtvtxy.ipfs.dweb.link 
curl-to-ipfs: Pinning... 
pinned QmXET4FBCURJpyK43MF4m1Jrc2LotaS9wZeCbpKVCrJZ8H recursively
Uploading 8 files
Content added with CID: bafybeihcjpcjr777h7qbwhupkmo5xeo6zuhlmz6ayzkf4ox67kfti7gfmy
curl-to-ipfs: Publishing to IPNS key bellingcat_ukraine ... 
Published to k2k4r8k7lcogpmkq9mkf3ykg1rexvhmxcinz5z91k8v49gbem6ivjp1v: /ipfs/QmXET4FBCURJpyK43MF4m1Jrc2LotaS9wZeCbpKVCrJZ8H
--- 
curl-to-ipfs: 01/04/2022  8:49:44,27 started... 
file 1 size is 91760 
file 2 size is 2360 
file 3 size is 137458 
        1 file(s) copied.
        1 file(s) copied.
        1 file(s) copied.
CID: QmXET4FBCURJpyK43MF4m1Jrc2LotaS9wZeCbpKVCrJZ8H 
https://bafybeieeekcyuiqvzapazouwi4vxroketkhhh7v2l73pv7s3bqdsjtvtxy.ipfs.dweb.link 
curl-to-ipfs: Pinning... 
pinned QmXET4FBCURJpyK43MF4m1Jrc2LotaS9wZeCbpKVCrJZ8H recursively
Uploading 8 files
Content added with CID: bafybeihcjpcjr777h7qbwhupkmo5xeo6zuhlmz6ayzkf4ox67kfti7gfmy
curl-to-ipfs: Publishing to IPNS key bellingcat_ukraine ... 
Published to k2k4r8k7lcogpmkq9mkf3ykg1rexvhmxcinz5z91k8v49gbem6ivjp1v: /ipfs/QmXET4FBCURJpyK43MF4m1Jrc2LotaS9wZeCbpKVCrJZ8H
--- 
curl-to-ipfs: 01/04/2022 13:45:00,88 started... 
file 1 size is 91760 
file 2 size is 2360 
file 3 size is 137458 
        1 file(s) copied.
        1 file(s) copied.
        1 file(s) copied.
CID: QmXET4FBCURJpyK43MF4m1Jrc2LotaS9wZeCbpKVCrJZ8H 
https://bafybeieeekcyuiqvzapazouwi4vxroketkhhh7v2l73pv7s3bqdsjtvtxy.ipfs.dweb.link 
curl-to-ipfs: Pinning... 
pinned QmXET4FBCURJpyK43MF4m1Jrc2LotaS9wZeCbpKVCrJZ8H recursively
Uploading 8 files
Content added with CID: bafybeihcjpcjr777h7qbwhupkmo5xeo6zuhlmz6ayzkf4ox67kfti7gfmy
curl-to-ipfs: Publishing to IPNS key bellingcat_ukraine ... 
--- 
curl-to-ipfs: 01/04/2022 21:45:00,87 started... 
file 1 size is 91760 
file 2 size is 2360 
file 3 size is 137458 
        1 file(s) copied.
        1 file(s) copied.
        1 file(s) copied.
CID: QmXET4FBCURJpyK43MF4m1Jrc2LotaS9wZeCbpKVCrJZ8H 
https://bafybeieeekcyuiqvzapazouwi4vxroketkhhh7v2l73pv7s3bqdsjtvtxy.ipfs.dweb.link 
curl-to-ipfs: Pinning... 
pinned QmXET4FBCURJpyK43MF4m1Jrc2LotaS9wZeCbpKVCrJZ8H recursively
Uploading 8 files
Content added with CID: bafybeihcjpcjr777h7qbwhupkmo5xeo6zuhlmz6ayzkf4ox67kfti7gfmy
curl-to-ipfs: Publishing to IPNS key bellingcat_ukraine ... 
--- 
curl-to-ipfs: 02/04/2022  0:19:34,79 started... 
file 1 size is 92401 
file 2 size is 2360 
file 3 size is 137990 
        1 file(s) copied.
        1 file(s) copied.
        1 file(s) copied.
CID: QmZwCPNm3hixNVQdd3HZZbAjTxQFpjwDhzgFT3Tder3Jrf 
https://bafybeifmjipp3ze5qlu7biou26jbsvwpnw5y2twqjhmxgvknxbqpwcvxeq.ipfs.dweb.link 
curl-to-ipfs: Pinning... 
pinned QmZwCPNm3hixNVQdd3HZZbAjTxQFpjwDhzgFT3Tder3Jrf recursively
Uploading 8 files
Content added with CID: bafybeihsv4zlint5pkozoo3ill3dru35qved47rbcuxy6mfebqupibqtfa
curl-to-ipfs: Publishing to IPNS key bellingcat_ukraine ... 
Published to k2k4r8k7lcogpmkq9mkf3ykg1rexvhmxcinz5z91k8v49gbem6ivjp1v: /ipfs/QmZwCPNm3hixNVQdd3HZZbAjTxQFpjwDhzgFT3Tder3Jrf
--- 
curl-to-ipfs: 02/04/2022  8:01:03,80 started... 
file 1 size is 92401 
file 2 size is 2360 
file 3 size is 137990 
        1 file(s) copied.
        1 file(s) copied.
        1 file(s) copied.
CID: QmZwCPNm3hixNVQdd3HZZbAjTxQFpjwDhzgFT3Tder3Jrf 
https://bafybeifmjipp3ze5qlu7biou26jbsvwpnw5y2twqjhmxgvknxbqpwcvxeq.ipfs.dweb.link 
curl-to-ipfs: Pinning... 
pinned QmZwCPNm3hixNVQdd3HZZbAjTxQFpjwDhzgFT3Tder3Jrf recursively
Uploading 8 files
Content added with CID: bafybeihsv4zlint5pkozoo3ill3dru35qved47rbcuxy6mfebqupibqtfa
curl-to-ipfs: Publishing to IPNS key bellingcat_ukraine ... 
Published to k2k4r8k7lcogpmkq9mkf3ykg1rexvhmxcinz5z91k8v49gbem6ivjp1v: /ipfs/QmZwCPNm3hixNVQdd3HZZbAjTxQFpjwDhzgFT3Tder3Jrf
--- 
curl-to-ipfs: 02/04/2022 13:45:00,90 started... 
file 1 size is 92401 
file 2 size is 2360 
file 3 size is 137990 
        1 file(s) copied.
        1 file(s) copied.
        1 file(s) copied.
CID: QmZwCPNm3hixNVQdd3HZZbAjTxQFpjwDhzgFT3Tder3Jrf 
https://bafybeifmjipp3ze5qlu7biou26jbsvwpnw5y2twqjhmxgvknxbqpwcvxeq.ipfs.dweb.link 
curl-to-ipfs: Pinning... 
pinned QmZwCPNm3hixNVQdd3HZZbAjTxQFpjwDhzgFT3Tder3Jrf recursively
Uploading 8 files
Content added with CID: bafybeihsv4zlint5pkozoo3ill3dru35qved47rbcuxy6mfebqupibqtfa
curl-to-ipfs: Publishing to IPNS key bellingcat_ukraine ... 
--- 
curl-to-ipfs: 02/04/2022 20:26:03,55 started... 
file 1 size is 92401 
file 2 size is 2360 
file 3 size is 137990 
        1 file(s) copied.
        1 file(s) copied.
        1 file(s) copied.
CID: QmZwCPNm3hixNVQdd3HZZbAjTxQFpjwDhzgFT3Tder3Jrf 
https://bafybeifmjipp3ze5qlu7biou26jbsvwpnw5y2twqjhmxgvknxbqpwcvxeq.ipfs.dweb.link 
curl-to-ipfs: Pinning... 
pinned QmZwCPNm3hixNVQdd3HZZbAjTxQFpjwDhzgFT3Tder3Jrf recursively
Uploading 8 files
Content added with CID: bafybeihsv4zlint5pkozoo3ill3dru35qved47rbcuxy6mfebqupibqtfa
curl-to-ipfs: Publishing to IPNS key bellingcat_ukraine ... 
Published to k2k4r8k7lcogpmkq9mkf3ykg1rexvhmxcinz5z91k8v49gbem6ivjp1v: /ipfs/QmZwCPNm3hixNVQdd3HZZbAjTxQFpjwDhzgFT3Tder3Jrf
--- 
curl-to-ipfs: 02/04/2022 21:45:01,04 started... 
file 1 size is 92401 
file 2 size is 2360 
file 3 size is 137990 
        1 file(s) copied.
        1 file(s) copied.
        1 file(s) copied.
CID: QmZwCPNm3hixNVQdd3HZZbAjTxQFpjwDhzgFT3Tder3Jrf 
https://bafybeifmjipp3ze5qlu7biou26jbsvwpnw5y2twqjhmxgvknxbqpwcvxeq.ipfs.dweb.link 
curl-to-ipfs: Pinning... 
pinned QmZwCPNm3hixNVQdd3HZZbAjTxQFpjwDhzgFT3Tder3Jrf recursively
Uploading 8 files
Content added with CID: bafybeihsv4zlint5pkozoo3ill3dru35qved47rbcuxy6mfebqupibqtfa
curl-to-ipfs: Publishing to IPNS key bellingcat_ukraine ... 
Published to k2k4r8k7lcogpmkq9mkf3ykg1rexvhmxcinz5z91k8v49gbem6ivjp1v: /ipfs/QmZwCPNm3hixNVQdd3HZZbAjTxQFpjwDhzgFT3Tder3Jrf
--- 
curl-to-ipfs: 03/04/2022 12:25:49,79 started... 
file 1 size is 92898 
file 2 size is 2360 
file 3 size is 138189 
        1 file(s) copied.
        1 file(s) copied.
        1 file(s) copied.
CID: QmQTe54XKqtqwD6WPu3G5YCSLmDUCfyKVbdJ77hpXtN6Tn 
https://bafybeia7qg32fm4wocfmzscdl6fpp2aqsfxhz5wlhgtyocpumdk4a6l7xu.ipfs.dweb.link 
curl-to-ipfs: Pinning... 
pinned QmQTe54XKqtqwD6WPu3G5YCSLmDUCfyKVbdJ77hpXtN6Tn recursively
Uploading 8 files
Content added with CID: bafybeifhsf3luqder2aen2f2kmysmtr6samqostkfquga3tlpw6uculj4u
curl-to-ipfs: Publishing to IPNS key bellingcat_ukraine ... 
Published to k2k4r8k7lcogpmkq9mkf3ykg1rexvhmxcinz5z91k8v49gbem6ivjp1v: /ipfs/QmQTe54XKqtqwD6WPu3G5YCSLmDUCfyKVbdJ77hpXtN6Tn
--- 
curl-to-ipfs: 03/04/2022 13:45:00,98 started... 
file 1 size is 92898 
file 2 size is 2360 
file 3 size is 138189 
        1 file(s) copied.
        1 file(s) copied.
        1 file(s) copied.
CID: QmQTe54XKqtqwD6WPu3G5YCSLmDUCfyKVbdJ77hpXtN6Tn 
https://bafybeia7qg32fm4wocfmzscdl6fpp2aqsfxhz5wlhgtyocpumdk4a6l7xu.ipfs.dweb.link 
curl-to-ipfs: Pinning... 
pinned QmQTe54XKqtqwD6WPu3G5YCSLmDUCfyKVbdJ77hpXtN6Tn recursively
Uploading 8 files
Content added with CID: bafybeifhsf3luqder2aen2f2kmysmtr6samqostkfquga3tlpw6uculj4u
curl-to-ipfs: Publishing to IPNS key bellingcat_ukraine ... 
Published to k2k4r8k7lcogpmkq9mkf3ykg1rexvhmxcinz5z91k8v49gbem6ivjp1v: /ipfs/QmQTe54XKqtqwD6WPu3G5YCSLmDUCfyKVbdJ77hpXtN6Tn
--- 
curl-to-ipfs: 03/04/2022 21:45:00,96 started... 
file 1 size is 95288 
file 2 size is 2360 
file 3 size is 143097 
        1 file(s) copied.
        1 file(s) copied.
        1 file(s) copied.
CID: QmR3mLZttoeCNqk1DZx6W6KqHbyRvZrhugiG6peWT4VN3F 
https://bafybeibih6xjwn7knj2cqtolmxxnmmi3zw6osgwolfy3seu2xazbxekjay.ipfs.dweb.link 
curl-to-ipfs: Pinning... 
pinned QmR3mLZttoeCNqk1DZx6W6KqHbyRvZrhugiG6peWT4VN3F recursively
Uploading 8 files
Content added with CID: bafybeie2jv4i7z2dkqwpgqeq7evy6odux7zud7oatuvylikx5lr6kjqnvm
curl-to-ipfs: Publishing to IPNS key bellingcat_ukraine ... 
--- 
curl-to-ipfs: 04/04/2022 13:45:00,86 started... 
file 1 size is 95288 
file 2 size is 2360 
file 3 size is 143097 
        1 file(s) copied.
        1 file(s) copied.
        1 file(s) copied.
CID: QmR3mLZttoeCNqk1DZx6W6KqHbyRvZrhugiG6peWT4VN3F 
https://bafybeibih6xjwn7knj2cqtolmxxnmmi3zw6osgwolfy3seu2xazbxekjay.ipfs.dweb.link 
curl-to-ipfs: Pinning... 
pinned QmR3mLZttoeCNqk1DZx6W6KqHbyRvZrhugiG6peWT4VN3F recursively
Uploading 8 files
Content added with CID: bafybeie2jv4i7z2dkqwpgqeq7evy6odux7zud7oatuvylikx5lr6kjqnvm
curl-to-ipfs: Publishing to IPNS key bellingcat_ukraine ... 
--- 
curl-to-ipfs: 04/04/2022 21:45:00,85 started... 
file 1 size is 97420 
file 2 size is 2360 
file 3 size is 148259 
        1 file(s) copied.
        1 file(s) copied.
        1 file(s) copied.
CID: QmZW6398c4T9d1kKShSC5krxFKhWJ4TEvGVHh5sM5sYnq5 
https://bafybeiff3nwbcawy4zowiv5a2t7bjek6dixiiidck5gp7z257s3zpxiwwa.ipfs.dweb.link 
curl-to-ipfs: Pinning... 
pinned QmZW6398c4T9d1kKShSC5krxFKhWJ4TEvGVHh5sM5sYnq5 recursively
Uploading 8 files
Content added with CID: bafybeidwmnhvd3dfqak7kvhpzji4j6qbswvqkwhimnbsqa6tzqpgufgtpq
curl-to-ipfs: Publishing to IPNS key bellingcat_ukraine ... 
--- 
curl-to-ipfs: 05/04/2022 13:32:10,74 started... 
file 1 size is 98482 
file 2 size is 2360 
file 3 size is 151409 
        1 file(s) copied.
        1 file(s) copied.
        1 file(s) copied.
CID: QmckuhNv3tDk3smcgd8Vs83tVFinwC9fp3Dkm4tXqfSomN 
https://bafybeigwhkalijl2xmc4fc3gl4ilnrvqycfro4eeliub6mxqwwwbo4kmzu.ipfs.dweb.link 
curl-to-ipfs: Pinning... 
pinned QmckuhNv3tDk3smcgd8Vs83tVFinwC9fp3Dkm4tXqfSomN recursively
Uploading 8 files
Content added with CID: bafybeigtsoc2rtdvj6e3ua4mdhk2y2jpat72tyiq6hzcrcduyeasfj2w2e
curl-to-ipfs: Publishing to IPNS key bellingcat_ukraine ... 
Published to k2k4r8k7lcogpmkq9mkf3ykg1rexvhmxcinz5z91k8v49gbem6ivjp1v: /ipfs/QmckuhNv3tDk3smcgd8Vs83tVFinwC9fp3Dkm4tXqfSomN
--- 
curl-to-ipfs: 05/04/2022 13:45:00,95 started... 
file 1 size is 98482 
file 2 size is 2360 
file 3 size is 151409 
        1 file(s) copied.
        1 file(s) copied.
        1 file(s) copied.
CID: QmckuhNv3tDk3smcgd8Vs83tVFinwC9fp3Dkm4tXqfSomN 
https://bafybeigwhkalijl2xmc4fc3gl4ilnrvqycfro4eeliub6mxqwwwbo4kmzu.ipfs.dweb.link 
curl-to-ipfs: Pinning... 
pinned QmckuhNv3tDk3smcgd8Vs83tVFinwC9fp3Dkm4tXqfSomN recursively
Uploading 8 files
Content added with CID: bafybeigtsoc2rtdvj6e3ua4mdhk2y2jpat72tyiq6hzcrcduyeasfj2w2e
curl-to-ipfs: Publishing to IPNS key bellingcat_ukraine ... 
Published to k2k4r8k7lcogpmkq9mkf3ykg1rexvhmxcinz5z91k8v49gbem6ivjp1v: /ipfs/QmckuhNv3tDk3smcgd8Vs83tVFinwC9fp3Dkm4tXqfSomN
--- 
curl-to-ipfs: 05/04/2022 21:45:01,45 started... 
file 1 size is 98482 
file 2 size is 2360 
file 3 size is 151409 
        1 file(s) copied.
        1 file(s) copied.
        1 file(s) copied.
CID: QmckuhNv3tDk3smcgd8Vs83tVFinwC9fp3Dkm4tXqfSomN 
https://bafybeigwhkalijl2xmc4fc3gl4ilnrvqycfro4eeliub6mxqwwwbo4kmzu.ipfs.dweb.link 
curl-to-ipfs: Pinning... 
pinned QmckuhNv3tDk3smcgd8Vs83tVFinwC9fp3Dkm4tXqfSomN recursively
Uploading 8 files
Content added with CID: bafybeigtsoc2rtdvj6e3ua4mdhk2y2jpat72tyiq6hzcrcduyeasfj2w2e
curl-to-ipfs: Publishing to IPNS key bellingcat_ukraine ... 
Published to k2k4r8k7lcogpmkq9mkf3ykg1rexvhmxcinz5z91k8v49gbem6ivjp1v: /ipfs/QmckuhNv3tDk3smcgd8Vs83tVFinwC9fp3Dkm4tXqfSomN
--- 
curl-to-ipfs: 05/04/2022 23:46:36,38 started... 
file 1 size is 98482 
file 2 size is 2360 
file 3 size is 151409 
        1 file(s) copied.
        1 file(s) copied.
        1 file(s) copied.
CID: QmckuhNv3tDk3smcgd8Vs83tVFinwC9fp3Dkm4tXqfSomN 
https://bafybeigwhkalijl2xmc4fc3gl4ilnrvqycfro4eeliub6mxqwwwbo4kmzu.ipfs.dweb.link 
curl-to-ipfs: Pinning... 
pinned QmckuhNv3tDk3smcgd8Vs83tVFinwC9fp3Dkm4tXqfSomN recursively
Uploading 8 files
Content added with CID: bafybeigtsoc2rtdvj6e3ua4mdhk2y2jpat72tyiq6hzcrcduyeasfj2w2e
curl-to-ipfs: Publishing to IPNS key bellingcat_ukraine ... 
Published to k2k4r8k7lcogpmkq9mkf3ykg1rexvhmxcinz5z91k8v49gbem6ivjp1v: /ipfs/QmckuhNv3tDk3smcgd8Vs83tVFinwC9fp3Dkm4tXqfSomN
--- 
curl-to-ipfs: 06/04/2022  7:30:31,07 started... 
file 1 size is 98482 
file 2 size is 2360 
file 3 size is 151409 
        1 file(s) copied.
        1 file(s) copied.
        1 file(s) copied.
CID: QmckuhNv3tDk3smcgd8Vs83tVFinwC9fp3Dkm4tXqfSomN 
https://bafybeigwhkalijl2xmc4fc3gl4ilnrvqycfro4eeliub6mxqwwwbo4kmzu.ipfs.dweb.link 
curl-to-ipfs: Pinning... 
pinned QmckuhNv3tDk3smcgd8Vs83tVFinwC9fp3Dkm4tXqfSomN recursively
Uploading 8 files
Content added with CID: bafybeigtsoc2rtdvj6e3ua4mdhk2y2jpat72tyiq6hzcrcduyeasfj2w2e
curl-to-ipfs: Publishing to IPNS key bellingcat_ukraine ... 
Published to k2k4r8k7lcogpmkq9mkf3ykg1rexvhmxcinz5z91k8v49gbem6ivjp1v: /ipfs/QmckuhNv3tDk3smcgd8Vs83tVFinwC9fp3Dkm4tXqfSomN
--- 
curl-to-ipfs: 06/04/2022 13:45:00,87 started... 
file 1 size is 98678 
file 2 size is 2360 
file 3 size is 151878 
        1 file(s) copied.
        1 file(s) copied.
        1 file(s) copied.
CID: QmZqnbiFp39tUm9fJ8a4kRocY78dmpEC3gvFfHxTiHyvUX 
https://bafybeifk45jbiplvowwfjm76ixhocmlws4cndzu5ko44dvnjel2jk5n7ca.ipfs.dweb.link 
curl-to-ipfs: Pinning... 
pinned QmZqnbiFp39tUm9fJ8a4kRocY78dmpEC3gvFfHxTiHyvUX recursively
Uploading 8 files
Content added with CID: bafybeicwjyu4ijp74rbcwkemhghptynfkvosku4puuvh4rs6lvy5o3fxve
curl-to-ipfs: Publishing to IPNS key bellingcat_ukraine ... 
--- 
curl-to-ipfs: 06/04/2022 21:45:01,35 started... 
file 1 size is 99459 
file 2 size is 2360 
file 3 size is 154109 
        1 file(s) copied.
        1 file(s) copied.
        1 file(s) copied.
CID: QmcrKA86JKbMkngBe42od6vxVycwQnr1iuddmDs14nrqmN 
https://bafybeigxttxteagfhlzy6ultpogomnyzrlxhwdv37oocx6mc4l3hctsqeu.ipfs.dweb.link 
curl-to-ipfs: Pinning... 
pinned QmcrKA86JKbMkngBe42od6vxVycwQnr1iuddmDs14nrqmN recursively
Uploading 8 files
Content added with CID: bafybeicweyjyukz3agzf3figzde2sfuyj5vc3773vvdk2gjn3zzhckgcau
curl-to-ipfs: Publishing to IPNS key bellingcat_ukraine ... 
--- 
curl-to-ipfs: 07/04/2022  7:33:25,76 started... 
file 1 size is 99459 
file 2 size is 2360 
file 3 size is 154109 
        1 file(s) copied.
        1 file(s) copied.
        1 file(s) copied.
CID: QmcrKA86JKbMkngBe42od6vxVycwQnr1iuddmDs14nrqmN 
https://bafybeigxttxteagfhlzy6ultpogomnyzrlxhwdv37oocx6mc4l3hctsqeu.ipfs.dweb.link 
curl-to-ipfs: Pinning... 
pinned QmcrKA86JKbMkngBe42od6vxVycwQnr1iuddmDs14nrqmN recursively
Uploading 8 files
Content added with CID: bafybeicweyjyukz3agzf3figzde2sfuyj5vc3773vvdk2gjn3zzhckgcau
curl-to-ipfs: Publishing to IPNS key bellingcat_ukraine ... 
Published to k2k4r8k7lcogpmkq9mkf3ykg1rexvhmxcinz5z91k8v49gbem6ivjp1v: /ipfs/QmcrKA86JKbMkngBe42od6vxVycwQnr1iuddmDs14nrqmN
--- 
curl-to-ipfs: 07/04/2022 13:45:01,05 started... 
file 1 size is 99459 
file 2 size is 2360 
file 3 size is 154109 
        1 file(s) copied.
        1 file(s) copied.
        1 file(s) copied.
CID: QmcrKA86JKbMkngBe42od6vxVycwQnr1iuddmDs14nrqmN 
https://bafybeigxttxteagfhlzy6ultpogomnyzrlxhwdv37oocx6mc4l3hctsqeu.ipfs.dweb.link 
curl-to-ipfs: Pinning... 
pinned QmcrKA86JKbMkngBe42od6vxVycwQnr1iuddmDs14nrqmN recursively
Uploading 8 files
Content added with CID: bafybeicweyjyukz3agzf3figzde2sfuyj5vc3773vvdk2gjn3zzhckgcau
curl-to-ipfs: Publishing to IPNS key bellingcat_ukraine ... 
Published to k2k4r8k7lcogpmkq9mkf3ykg1rexvhmxcinz5z91k8v49gbem6ivjp1v: /ipfs/QmcrKA86JKbMkngBe42od6vxVycwQnr1iuddmDs14nrqmN
--- 
curl-to-ipfs: 07/04/2022 21:45:01,45 started... 
file 1 size is 99459 
file 2 size is 2360 
file 3 size is 154109 
        1 file(s) copied.
        1 file(s) copied.
        1 file(s) copied.
CID: QmcrKA86JKbMkngBe42od6vxVycwQnr1iuddmDs14nrqmN 
https://bafybeigxttxteagfhlzy6ultpogomnyzrlxhwdv37oocx6mc4l3hctsqeu.ipfs.dweb.link 
curl-to-ipfs: Pinning... 
pinned QmcrKA86JKbMkngBe42od6vxVycwQnr1iuddmDs14nrqmN recursively
Uploading 8 files
Content added with CID: bafybeicweyjyukz3agzf3figzde2sfuyj5vc3773vvdk2gjn3zzhckgcau
curl-to-ipfs: Publishing to IPNS key bellingcat_ukraine ... 
Published to k2k4r8k7lcogpmkq9mkf3ykg1rexvhmxcinz5z91k8v49gbem6ivjp1v: /ipfs/QmcrKA86JKbMkngBe42od6vxVycwQnr1iuddmDs14nrqmN
--- 
curl-to-ipfs: 08/04/2022  7:27:14,71 started... 
file 1 size is 101591 
file 2 size is 2360 
file 3 size is 155427 
        1 file(s) copied.
        1 file(s) copied.
        1 file(s) copied.
CID: QmUtqyo9vPVo2nryRoMXHU1tXRonCA8tmvtdzS2mZxLW6F 
https://bafybeidbmvzxrrvtz3yf2zcpoi6uxmmcc33r3w5aewcsnumdmgrc7kzkfq.ipfs.dweb.link 
curl-to-ipfs: Pinning... 
pinned QmUtqyo9vPVo2nryRoMXHU1tXRonCA8tmvtdzS2mZxLW6F recursively
Uploading 8 files
Content added with CID: bafybeif6w6eqmmdrb4zqqxezdesizpdyftlqtb6kpt5umsje4wkrxqwvlu
curl-to-ipfs: Publishing to IPNS key bellingcat_ukraine ... 
Published to k2k4r8k7lcogpmkq9mkf3ykg1rexvhmxcinz5z91k8v49gbem6ivjp1v: /ipfs/QmUtqyo9vPVo2nryRoMXHU1tXRonCA8tmvtdzS2mZxLW6F
--- 
curl-to-ipfs: 08/04/2022 13:45:00,89 started... 
file 1 size is 101591 
file 2 size is 2360 
file 3 size is 155427 
        1 file(s) copied.
        1 file(s) copied.
        1 file(s) copied.
CID: QmUtqyo9vPVo2nryRoMXHU1tXRonCA8tmvtdzS2mZxLW6F 
https://bafybeidbmvzxrrvtz3yf2zcpoi6uxmmcc33r3w5aewcsnumdmgrc7kzkfq.ipfs.dweb.link 
curl-to-ipfs: Pinning... 
pinned QmUtqyo9vPVo2nryRoMXHU1tXRonCA8tmvtdzS2mZxLW6F recursively
Uploading 8 files
Content added with CID: bafybeif6w6eqmmdrb4zqqxezdesizpdyftlqtb6kpt5umsje4wkrxqwvlu
curl-to-ipfs: Publishing to IPNS key bellingcat_ukraine ... 
--- 
curl-to-ipfs: 08/04/2022 21:45:00,91 started... 
file 1 size is 101591 
file 2 size is 2360 
file 3 size is 155427 
        1 file(s) copied.
        1 file(s) copied.
        1 file(s) copied.
CID: QmUtqyo9vPVo2nryRoMXHU1tXRonCA8tmvtdzS2mZxLW6F 
https://bafybeidbmvzxrrvtz3yf2zcpoi6uxmmcc33r3w5aewcsnumdmgrc7kzkfq.ipfs.dweb.link 
curl-to-ipfs: Pinning... 
pinned QmUtqyo9vPVo2nryRoMXHU1tXRonCA8tmvtdzS2mZxLW6F recursively
Uploading 8 files
Content added with CID: bafybeif6w6eqmmdrb4zqqxezdesizpdyftlqtb6kpt5umsje4wkrxqwvlu
curl-to-ipfs: Publishing to IPNS key bellingcat_ukraine ... 
--- 
curl-to-ipfs: 09/04/2022  5:45:00,92 started... 
file 1 size is 101591 
file 2 size is 2360 
file 3 size is 155427 
        1 file(s) copied.
        1 file(s) copied.
        1 file(s) copied.
CID: QmUtqyo9vPVo2nryRoMXHU1tXRonCA8tmvtdzS2mZxLW6F 
https://bafybeidbmvzxrrvtz3yf2zcpoi6uxmmcc33r3w5aewcsnumdmgrc7kzkfq.ipfs.dweb.link 
curl-to-ipfs: Pinning... 
pinned QmUtqyo9vPVo2nryRoMXHU1tXRonCA8tmvtdzS2mZxLW6F recursively
Uploading 8 files
Content added with CID: bafybeif6w6eqmmdrb4zqqxezdesizpdyftlqtb6kpt5umsje4wkrxqwvlu
curl-to-ipfs: Publishing to IPNS key bellingcat_ukraine ... 
--- 
curl-to-ipfs: 09/04/2022 13:45:00,98 started... 
file 1 size is 102083 
file 2 size is 2360 
file 3 size is 155427 
        1 file(s) copied.
        1 file(s) copied.
        1 file(s) copied.
CID: QmTN2ZGc58evbYfDH5nH4hiG9Nwzg8cLLVh5zt6B1gVN2r 
https://bafybeickus37suxvx6x25z4oaoe4kfhof2kqyzvkmzqliwms3ou6xfmof4.ipfs.dweb.link 
curl-to-ipfs: Pinning... 
pinned QmTN2ZGc58evbYfDH5nH4hiG9Nwzg8cLLVh5zt6B1gVN2r recursively
Uploading 8 files
Content added with CID: bafybeig5wm24tveusytrm7aokzk7jdw536t6qioll5lvhl4do643d7bqau
curl-to-ipfs: Publishing to IPNS key bellingcat_ukraine ... 
Published to k2k4r8k7lcogpmkq9mkf3ykg1rexvhmxcinz5z91k8v49gbem6ivjp1v: /ipfs/QmTN2ZGc58evbYfDH5nH4hiG9Nwzg8cLLVh5zt6B1gVN2r
--- 
curl-to-ipfs: 09/04/2022 21:45:01,14 started... 
file 1 size is 102083 
file 2 size is 2360 
file 3 size is 157660 
        1 file(s) copied.
        1 file(s) copied.
        1 file(s) copied.
CID: QmPEQrKAAJjY3BpVxzk7Wfdp2oGPjfXmnMr2wyrm5jvx7W 
https://bafybeianiked7hug67iroxzymjzkbvpia7fjjwpczgfmwvs7rnvwuzvpdu.ipfs.dweb.link 
curl-to-ipfs: Pinning... 
pinned QmPEQrKAAJjY3BpVxzk7Wfdp2oGPjfXmnMr2wyrm5jvx7W recursively
Uploading 8 files
Content added with CID: bafybeiervzs7zz54arxqq2c3ysxnhnhwdf23k4ktbu5ahylkkhu3zrb3nq
curl-to-ipfs: Publishing to IPNS key bellingcat_ukraine ... 
Published to k2k4r8k7lcogpmkq9mkf3ykg1rexvhmxcinz5z91k8v49gbem6ivjp1v: /ipfs/QmPEQrKAAJjY3BpVxzk7Wfdp2oGPjfXmnMr2wyrm5jvx7W
--- 
curl-to-ipfs: 10/04/2022  7:52:04,51 started... 
file 1 size is 102083 
file 2 size is 2360 
file 3 size is 157660 
        1 file(s) copied.
        1 file(s) copied.
        1 file(s) copied.
CID: QmPEQrKAAJjY3BpVxzk7Wfdp2oGPjfXmnMr2wyrm5jvx7W 
https://bafybeianiked7hug67iroxzymjzkbvpia7fjjwpczgfmwvs7rnvwuzvpdu.ipfs.dweb.link 
curl-to-ipfs: Pinning... 
pinned QmPEQrKAAJjY3BpVxzk7Wfdp2oGPjfXmnMr2wyrm5jvx7W recursively
Uploading 8 files
Content added with CID: bafybeiervzs7zz54arxqq2c3ysxnhnhwdf23k4ktbu5ahylkkhu3zrb3nq
curl-to-ipfs: Publishing to IPNS key bellingcat_ukraine ... 
Published to k2k4r8k7lcogpmkq9mkf3ykg1rexvhmxcinz5z91k8v49gbem6ivjp1v: /ipfs/QmPEQrKAAJjY3BpVxzk7Wfdp2oGPjfXmnMr2wyrm5jvx7W
--- 
curl-to-ipfs: 10/04/2022 13:45:00,89 started... 
file 1 size is 102083 
file 2 size is 2360 
file 3 size is 157660 
        1 file(s) copied.
        1 file(s) copied.
        1 file(s) copied.
CID: QmPEQrKAAJjY3BpVxzk7Wfdp2oGPjfXmnMr2wyrm5jvx7W 
https://bafybeianiked7hug67iroxzymjzkbvpia7fjjwpczgfmwvs7rnvwuzvpdu.ipfs.dweb.link 
curl-to-ipfs: Pinning... 
pinned QmPEQrKAAJjY3BpVxzk7Wfdp2oGPjfXmnMr2wyrm5jvx7W recursively
Uploading 8 files
Content added with CID: bafybeiervzs7zz54arxqq2c3ysxnhnhwdf23k4ktbu5ahylkkhu3zrb3nq
curl-to-ipfs: Publishing to IPNS key bellingcat_ukraine ... 
--- 
curl-to-ipfs: 10/04/2022 21:45:01,06 started... 
file 1 size is 102083 
file 2 size is 2360 
file 3 size is 157660 
        1 file(s) copied.
        1 file(s) copied.
        1 file(s) copied.
CID: QmPEQrKAAJjY3BpVxzk7Wfdp2oGPjfXmnMr2wyrm5jvx7W 
https://bafybeianiked7hug67iroxzymjzkbvpia7fjjwpczgfmwvs7rnvwuzvpdu.ipfs.dweb.link 
curl-to-ipfs: Pinning... 
pinned QmPEQrKAAJjY3BpVxzk7Wfdp2oGPjfXmnMr2wyrm5jvx7W recursively
Uploading 8 files
Content added with CID: bafybeiervzs7zz54arxqq2c3ysxnhnhwdf23k4ktbu5ahylkkhu3zrb3nq
curl-to-ipfs: Publishing to IPNS key bellingcat_ukraine ... 
Published to k2k4r8k7lcogpmkq9mkf3ykg1rexvhmxcinz5z91k8v49gbem6ivjp1v: /ipfs/QmPEQrKAAJjY3BpVxzk7Wfdp2oGPjfXmnMr2wyrm5jvx7W
--- 
curl-to-ipfs: 11/04/2022 13:45:01,32 started... 
file 1 size is 102083 
file 2 size is 2360 
file 3 size is 157660 
        1 file(s) copied.
        1 file(s) copied.
        1 file(s) copied.
CID: QmPEQrKAAJjY3BpVxzk7Wfdp2oGPjfXmnMr2wyrm5jvx7W 
https://bafybeianiked7hug67iroxzymjzkbvpia7fjjwpczgfmwvs7rnvwuzvpdu.ipfs.dweb.link 
curl-to-ipfs: Pinning... 
pinned QmPEQrKAAJjY3BpVxzk7Wfdp2oGPjfXmnMr2wyrm5jvx7W recursively
Uploading 8 files
Content added with CID: bafybeiervzs7zz54arxqq2c3ysxnhnhwdf23k4ktbu5ahylkkhu3zrb3nq
curl-to-ipfs: Publishing to IPNS key bellingcat_ukraine ... 
--- 
curl-to-ipfs: 11/04/2022 20:49:13,47 started... 
file 1 size is 102083 
file 2 size is 2360 
file 3 size is 157660 
        1 file(s) copied.
        1 file(s) copied.
        1 file(s) copied.
CID: QmPEQrKAAJjY3BpVxzk7Wfdp2oGPjfXmnMr2wyrm5jvx7W 
https://bafybeianiked7hug67iroxzymjzkbvpia7fjjwpczgfmwvs7rnvwuzvpdu.ipfs.dweb.link 
curl-to-ipfs: Pinning... 
pinned QmPEQrKAAJjY3BpVxzk7Wfdp2oGPjfXmnMr2wyrm5jvx7W recursively
Uploading 8 files
Content added with CID: bafybeiervzs7zz54arxqq2c3ysxnhnhwdf23k4ktbu5ahylkkhu3zrb3nq
curl-to-ipfs: Publishing to IPNS key bellingcat_ukraine ... 
Published to k2k4r8k7lcogpmkq9mkf3ykg1rexvhmxcinz5z91k8v49gbem6ivjp1v: /ipfs/QmPEQrKAAJjY3BpVxzk7Wfdp2oGPjfXmnMr2wyrm5jvx7W
--- 
curl-to-ipfs: 11/04/2022 21:45:02,20 started... 
file 1 size is 102083 
file 2 size is 2360 
file 3 size is 157660 
        1 file(s) copied.
        1 file(s) copied.
        1 file(s) copied.
CID: QmPEQrKAAJjY3BpVxzk7Wfdp2oGPjfXmnMr2wyrm5jvx7W 
https://bafybeianiked7hug67iroxzymjzkbvpia7fjjwpczgfmwvs7rnvwuzvpdu.ipfs.dweb.link 
curl-to-ipfs: Pinning... 
pinned QmPEQrKAAJjY3BpVxzk7Wfdp2oGPjfXmnMr2wyrm5jvx7W recursively
Uploading 8 files
Content added with CID: bafybeiervzs7zz54arxqq2c3ysxnhnhwdf23k4ktbu5ahylkkhu3zrb3nq
curl-to-ipfs: Publishing to IPNS key bellingcat_ukraine ... 
Published to k2k4r8k7lcogpmkq9mkf3ykg1rexvhmxcinz5z91k8v49gbem6ivjp1v: /ipfs/QmPEQrKAAJjY3BpVxzk7Wfdp2oGPjfXmnMr2wyrm5jvx7W
--- 
curl-to-ipfs: 12/04/2022  8:44:31,72 started... 
file 1 size is 102083 
file 2 size is 2360 
file 3 size is 157660 
        1 file(s) copied.
        1 file(s) copied.
        1 file(s) copied.
CID: QmPEQrKAAJjY3BpVxzk7Wfdp2oGPjfXmnMr2wyrm5jvx7W 
https://bafybeianiked7hug67iroxzymjzkbvpia7fjjwpczgfmwvs7rnvwuzvpdu.ipfs.dweb.link 
curl-to-ipfs: Pinning... 
pinned QmPEQrKAAJjY3BpVxzk7Wfdp2oGPjfXmnMr2wyrm5jvx7W recursively
Uploading 8 files
Content added with CID: bafybeiervzs7zz54arxqq2c3ysxnhnhwdf23k4ktbu5ahylkkhu3zrb3nq
curl-to-ipfs: Publishing to IPNS key bellingcat_ukraine ... 
Published to k2k4r8k7lcogpmkq9mkf3ykg1rexvhmxcinz5z91k8v49gbem6ivjp1v: /ipfs/QmPEQrKAAJjY3BpVxzk7Wfdp2oGPjfXmnMr2wyrm5jvx7W
--- 
curl-to-ipfs: 12/04/2022 13:45:00,99 started... 
file 1 size is 103489 
file 2 size is 2360 
file 3 size is 161006 
        1 file(s) copied.
        1 file(s) copied.
        1 file(s) copied.
CID: QmdHKNvResUz7nMpzsaNscDW7yS6auqqsiEfd9cT3cA9z1 
https://bafybeig6as2d7ij2nktz7daxqpiwdpj2x26djokgdaonjmwxhaqncaxh4i.ipfs.dweb.link 
curl-to-ipfs: Pinning... 
pinned QmdHKNvResUz7nMpzsaNscDW7yS6auqqsiEfd9cT3cA9z1 recursively
Uploading 8 files
Content added with CID: bafybeia7azx7ntsspmmi5p55nkng226guceiu25o37bvkyg2ivp3dg3iqi
curl-to-ipfs: Publishing to IPNS key bellingcat_ukraine ... 
--- 
curl-to-ipfs: 12/04/2022 21:45:00,90 started... 
file 1 size is 103489 
file 2 size is 2360 
file 3 size is 161006 
        1 file(s) copied.
        1 file(s) copied.
        1 file(s) copied.
CID: QmdHKNvResUz7nMpzsaNscDW7yS6auqqsiEfd9cT3cA9z1 
https://bafybeig6as2d7ij2nktz7daxqpiwdpj2x26djokgdaonjmwxhaqncaxh4i.ipfs.dweb.link 
curl-to-ipfs: Pinning... 
pinned QmdHKNvResUz7nMpzsaNscDW7yS6auqqsiEfd9cT3cA9z1 recursively
Uploading 8 files
Content added with CID: bafybeia7azx7ntsspmmi5p55nkng226guceiu25o37bvkyg2ivp3dg3iqi
curl-to-ipfs: Publishing to IPNS key bellingcat_ukraine ... 
--- 
curl-to-ipfs: 12/04/2022 22:37:59,25 started... 
file 1 size is 103988 
file 2 size is 2360 
file 3 size is 161390 
        1 file(s) copied.
        1 file(s) copied.
        1 file(s) copied.
CID: QmTyfKBVRxNY1uV6fNE4cxGayMvMYGJEU2t3xYP8xWs9i9 
https://bafybeictywn3z3rpzj2newc2gldied5brewibwztokk26cnr3edhjowggi.ipfs.dweb.link 
curl-to-ipfs: Pinning... 
pinned QmTyfKBVRxNY1uV6fNE4cxGayMvMYGJEU2t3xYP8xWs9i9 recursively
Uploading 8 files
Content added with CID: bafybeic26eu67jn6um2ms3dvtkueknl5oio4qp5lmwrx4vfo4svmkupbve
curl-to-ipfs: Publishing to IPNS key bellingcat_ukraine ... 
Published to k2k4r8k7lcogpmkq9mkf3ykg1rexvhmxcinz5z91k8v49gbem6ivjp1v: /ipfs/QmTyfKBVRxNY1uV6fNE4cxGayMvMYGJEU2t3xYP8xWs9i9
--- 
curl-to-ipfs: 13/04/2022  7:41:39,17 started... 
file 1 size is 103988 
file 2 size is 2360 
file 3 size is 161390 
        1 file(s) copied.
        1 file(s) copied.
        1 file(s) copied.
CID: QmTyfKBVRxNY1uV6fNE4cxGayMvMYGJEU2t3xYP8xWs9i9 
https://bafybeictywn3z3rpzj2newc2gldied5brewibwztokk26cnr3edhjowggi.ipfs.dweb.link 
curl-to-ipfs: Pinning... 
pinned QmTyfKBVRxNY1uV6fNE4cxGayMvMYGJEU2t3xYP8xWs9i9 recursively
Uploading 8 files
Content added with CID: bafybeic26eu67jn6um2ms3dvtkueknl5oio4qp5lmwrx4vfo4svmkupbve
curl-to-ipfs: Publishing to IPNS key bellingcat_ukraine ... 
Published to k2k4r8k7lcogpmkq9mkf3ykg1rexvhmxcinz5z91k8v49gbem6ivjp1v: /ipfs/QmTyfKBVRxNY1uV6fNE4cxGayMvMYGJEU2t3xYP8xWs9i9
--- 
curl-to-ipfs: 13/04/2022 13:45:00,92 started... 
file 1 size is 107122 
file 2 size is 2360 
file 3 size is 164449 
        1 file(s) copied.
        1 file(s) copied.
        1 file(s) copied.
CID: QmTUZNG1q4ed2nBdEjwKJ7ffWhUftKfZDvs1FWupTVGPCU 
https://bafybeicmkefgs7fgik4bnfdua7fzdlizorllzng4anvmpweszjf2iyk4ze.ipfs.dweb.link 
curl-to-ipfs: Pinning... 
pinned QmTUZNG1q4ed2nBdEjwKJ7ffWhUftKfZDvs1FWupTVGPCU recursively
Uploading 8 files
Content added with CID: bafybeid4wp2lxefgidvgwz45rsuyqqcumspx5ej3hgsnwtt6gjigewol6y
curl-to-ipfs: Publishing to IPNS key bellingcat_ukraine ... 
Published to k2k4r8k7lcogpmkq9mkf3ykg1rexvhmxcinz5z91k8v49gbem6ivjp1v: /ipfs/QmTUZNG1q4ed2nBdEjwKJ7ffWhUftKfZDvs1FWupTVGPCU
--- 
curl-to-ipfs: 13/04/2022 21:45:01,09 started... 
file 1 size is 107122 
file 2 size is 2360 
file 3 size is 164449 
        1 file(s) copied.
        1 file(s) copied.
        1 file(s) copied.
CID: QmTUZNG1q4ed2nBdEjwKJ7ffWhUftKfZDvs1FWupTVGPCU 
https://bafybeicmkefgs7fgik4bnfdua7fzdlizorllzng4anvmpweszjf2iyk4ze.ipfs.dweb.link 
curl-to-ipfs: Pinning... 
pinned QmTUZNG1q4ed2nBdEjwKJ7ffWhUftKfZDvs1FWupTVGPCU recursively
Uploading 8 files
Content added with CID: bafybeid4wp2lxefgidvgwz45rsuyqqcumspx5ej3hgsnwtt6gjigewol6y
curl-to-ipfs: Publishing to IPNS key bellingcat_ukraine ... 
Published to k2k4r8k7lcogpmkq9mkf3ykg1rexvhmxcinz5z91k8v49gbem6ivjp1v: /ipfs/QmTUZNG1q4ed2nBdEjwKJ7ffWhUftKfZDvs1FWupTVGPCU
--- 
curl-to-ipfs: 14/04/2022 13:45:00,94 started... 
file 1 size is 107122 
file 2 size is 2360 
file 3 size is 164449 
        1 file(s) copied.
        1 file(s) copied.
        1 file(s) copied.
CID: QmTUZNG1q4ed2nBdEjwKJ7ffWhUftKfZDvs1FWupTVGPCU 
https://bafybeicmkefgs7fgik4bnfdua7fzdlizorllzng4anvmpweszjf2iyk4ze.ipfs.dweb.link 
curl-to-ipfs: Pinning... 
pinned QmTUZNG1q4ed2nBdEjwKJ7ffWhUftKfZDvs1FWupTVGPCU recursively
Uploading 8 files
Content added with CID: bafybeid4wp2lxefgidvgwz45rsuyqqcumspx5ej3hgsnwtt6gjigewol6y
curl-to-ipfs: Publishing to IPNS key bellingcat_ukraine ... 
Published to k2k4r8k7lcogpmkq9mkf3ykg1rexvhmxcinz5z91k8v49gbem6ivjp1v: /ipfs/QmTUZNG1q4ed2nBdEjwKJ7ffWhUftKfZDvs1FWupTVGPCU
--- 
curl-to-ipfs: 14/04/2022 21:45:01,10 started... 
file 1 size is 109802 
file 2 size is 2360 
file 3 size is 168288 
        1 file(s) copied.
        1 file(s) copied.
        1 file(s) copied.
CID: QmbN1R5puiVYmYNCorDbMFR4tJBhErdQ8KiLmcLBvcLuvD 
https://bafybeigbqdwhy2eckkud54drccmthfgaj6hqf2ni3zdvfghdkhnip3qauy.ipfs.dweb.link 
curl-to-ipfs: Pinning... 
pinned QmbN1R5puiVYmYNCorDbMFR4tJBhErdQ8KiLmcLBvcLuvD recursively
Uploading 8 files
Content added with CID: bafybeigop5l6pc75n663qkqtzmgpa673jb7kkyn4awp2hdciplwni5rcue
curl-to-ipfs: Publishing to IPNS key bellingcat_ukraine ... 
Published to k2k4r8k7lcogpmkq9mkf3ykg1rexvhmxcinz5z91k8v49gbem6ivjp1v: /ipfs/QmbN1R5puiVYmYNCorDbMFR4tJBhErdQ8KiLmcLBvcLuvD
--- 
curl-to-ipfs: 15/04/2022 13:45:20,71 started... 
file 1 size is 109802 
--- 
curl-to-ipfs: 15/04/2022 13:47:55,85 started... 
file 1 size is 109802 
file 2 size is 2360 
file 3 size is 168288 
        1 file(s) copied.
        1 file(s) copied.
        1 file(s) copied.
CID: QmbN1R5puiVYmYNCorDbMFR4tJBhErdQ8KiLmcLBvcLuvD 
https://bafybeigbqdwhy2eckkud54drccmthfgaj6hqf2ni3zdvfghdkhnip3qauy.ipfs.dweb.link 
curl-to-ipfs: Pinning... 
pinned QmbN1R5puiVYmYNCorDbMFR4tJBhErdQ8KiLmcLBvcLuvD recursively
Uploading 8 files
Content added with CID: bafybeigop5l6pc75n663qkqtzmgpa673jb7kkyn4awp2hdciplwni5rcue
curl-to-ipfs: Publishing to IPNS key bellingcat_ukraine ... 
Published to k2k4r8k7lcogpmkq9mkf3ykg1rexvhmxcinz5z91k8v49gbem6ivjp1v: /ipfs/QmbN1R5puiVYmYNCorDbMFR4tJBhErdQ8KiLmcLBvcLuvD
--- 
curl-to-ipfs: 15/04/2022 21:45:01,46 started... 
file 1 size is 109686 
file 2 size is 2360 
file 3 size is 168816 
        1 file(s) copied.
        1 file(s) copied.
        1 file(s) copied.
CID: QmScfD6fcPqY1KH4NBrUwbLmjSCJL6sceqa8ni8hc9Vxt2 
https://bafybeib7rcnrrezndvyw3xsocqdrcevhyqg3bdt2ixbs2hs674qds622rm.ipfs.dweb.link 
curl-to-ipfs: Pinning... 
pinned QmScfD6fcPqY1KH4NBrUwbLmjSCJL6sceqa8ni8hc9Vxt2 recursively
Uploading 8 files
Content added with CID: bafybeib4pp4oo4nrmoymb2v34yzcoqqa3w4lzuqrgmckza5t5n5vx4pp2u
curl-to-ipfs: Publishing to IPNS key bellingcat_ukraine ... 
Published to k2k4r8k7lcogpmkq9mkf3ykg1rexvhmxcinz5z91k8v49gbem6ivjp1v: /ipfs/QmScfD6fcPqY1KH4NBrUwbLmjSCJL6sceqa8ni8hc9Vxt2
--- 
curl-to-ipfs: 16/04/2022  7:47:51,86 started... 
file 1 size is 109686 
file 2 size is 2360 
file 3 size is 168816 
        1 file(s) copied.
        1 file(s) copied.
        1 file(s) copied.
CID: QmScfD6fcPqY1KH4NBrUwbLmjSCJL6sceqa8ni8hc9Vxt2 
https://bafybeib7rcnrrezndvyw3xsocqdrcevhyqg3bdt2ixbs2hs674qds622rm.ipfs.dweb.link 
curl-to-ipfs: Pinning... 
pinned QmScfD6fcPqY1KH4NBrUwbLmjSCJL6sceqa8ni8hc9Vxt2 recursively
Uploading 8 files
Content added with CID: bafybeib4pp4oo4nrmoymb2v34yzcoqqa3w4lzuqrgmckza5t5n5vx4pp2u
curl-to-ipfs: Publishing to IPNS key bellingcat_ukraine ... 
Published to k2k4r8k7lcogpmkq9mkf3ykg1rexvhmxcinz5z91k8v49gbem6ivjp1v: /ipfs/QmScfD6fcPqY1KH4NBrUwbLmjSCJL6sceqa8ni8hc9Vxt2
--- 
curl-to-ipfs: 16/04/2022 13:45:00,90 started... 
file 1 size is 109686 
file 2 size is 2360 
file 3 size is 168816 
        1 file(s) copied.
        1 file(s) copied.
        1 file(s) copied.
CID: QmScfD6fcPqY1KH4NBrUwbLmjSCJL6sceqa8ni8hc9Vxt2 
https://bafybeib7rcnrrezndvyw3xsocqdrcevhyqg3bdt2ixbs2hs674qds622rm.ipfs.dweb.link 
curl-to-ipfs: Pinning... 
pinned QmScfD6fcPqY1KH4NBrUwbLmjSCJL6sceqa8ni8hc9Vxt2 recursively
Uploading 8 files
Content added with CID: bafybeib4pp4oo4nrmoymb2v34yzcoqqa3w4lzuqrgmckza5t5n5vx4pp2u
curl-to-ipfs: Publishing to IPNS key bellingcat_ukraine ... 
Published to k2k4r8k7lcogpmkq9mkf3ykg1rexvhmxcinz5z91k8v49gbem6ivjp1v: /ipfs/QmScfD6fcPqY1KH4NBrUwbLmjSCJL6sceqa8ni8hc9Vxt2
--- 
curl-to-ipfs: 16/04/2022 21:45:01,03 started... 
file 1 size is 109686 
file 2 size is 2360 
file 3 size is 168816 
        1 file(s) copied.
        1 file(s) copied.
        1 file(s) copied.
CID: QmScfD6fcPqY1KH4NBrUwbLmjSCJL6sceqa8ni8hc9Vxt2 
https://bafybeib7rcnrrezndvyw3xsocqdrcevhyqg3bdt2ixbs2hs674qds622rm.ipfs.dweb.link 
curl-to-ipfs: Pinning... 
pinned QmScfD6fcPqY1KH4NBrUwbLmjSCJL6sceqa8ni8hc9Vxt2 recursively
Uploading 8 files
Content added with CID: bafybeib4pp4oo4nrmoymb2v34yzcoqqa3w4lzuqrgmckza5t5n5vx4pp2u
curl-to-ipfs: Publishing to IPNS key bellingcat_ukraine ... 
Published to k2k4r8k7lcogpmkq9mkf3ykg1rexvhmxcinz5z91k8v49gbem6ivjp1v: /ipfs/QmScfD6fcPqY1KH4NBrUwbLmjSCJL6sceqa8ni8hc9Vxt2
--- 
curl-to-ipfs: 17/04/2022  5:45:00,95 started... 
file 1 size is 109686 
file 2 size is 2360 
file 3 size is 168816 
        1 file(s) copied.
        1 file(s) copied.
        1 file(s) copied.
CID: QmScfD6fcPqY1KH4NBrUwbLmjSCJL6sceqa8ni8hc9Vxt2 
https://bafybeib7rcnrrezndvyw3xsocqdrcevhyqg3bdt2ixbs2hs674qds622rm.ipfs.dweb.link 
curl-to-ipfs: Pinning... 
pinned QmScfD6fcPqY1KH4NBrUwbLmjSCJL6sceqa8ni8hc9Vxt2 recursively
Uploading 8 files
Content added with CID: bafybeib4pp4oo4nrmoymb2v34yzcoqqa3w4lzuqrgmckza5t5n5vx4pp2u
curl-to-ipfs: Publishing to IPNS key bellingcat_ukraine ... 
Published to k2k4r8k7lcogpmkq9mkf3ykg1rexvhmxcinz5z91k8v49gbem6ivjp1v: /ipfs/QmScfD6fcPqY1KH4NBrUwbLmjSCJL6sceqa8ni8hc9Vxt2
--- 
curl-to-ipfs: 17/04/2022 13:45:01,30 started... 
file 1 size is 109686 
file 2 size is 2360 
file 3 size is 168816 
        1 file(s) copied.
        1 file(s) copied.
        1 file(s) copied.
CID: QmScfD6fcPqY1KH4NBrUwbLmjSCJL6sceqa8ni8hc9Vxt2 
https://bafybeib7rcnrrezndvyw3xsocqdrcevhyqg3bdt2ixbs2hs674qds622rm.ipfs.dweb.link 
curl-to-ipfs: Pinning... 
pinned QmScfD6fcPqY1KH4NBrUwbLmjSCJL6sceqa8ni8hc9Vxt2 recursively
Uploading 8 files
Content added with CID: bafybeib4pp4oo4nrmoymb2v34yzcoqqa3w4lzuqrgmckza5t5n5vx4pp2u
curl-to-ipfs: Publishing to IPNS key bellingcat_ukraine ... 
Published to k2k4r8k7lcogpmkq9mkf3ykg1rexvhmxcinz5z91k8v49gbem6ivjp1v: /ipfs/QmScfD6fcPqY1KH4NBrUwbLmjSCJL6sceqa8ni8hc9Vxt2
--- 
curl-to-ipfs: 17/04/2022 21:45:00,24 started... 
file 1 size is 109686 
file 2 size is 2360 
file 3 size is 168816 
        1 file(s) copied.
        1 file(s) copied.
        1 file(s) copied.
CID: QmScfD6fcPqY1KH4NBrUwbLmjSCJL6sceqa8ni8hc9Vxt2 
https://bafybeib7rcnrrezndvyw3xsocqdrcevhyqg3bdt2ixbs2hs674qds622rm.ipfs.dweb.link 
curl-to-ipfs: Pinning... 
pinned QmScfD6fcPqY1KH4NBrUwbLmjSCJL6sceqa8ni8hc9Vxt2 recursively
Uploading 8 files
Content added with CID: bafybeib4pp4oo4nrmoymb2v34yzcoqqa3w4lzuqrgmckza5t5n5vx4pp2u
curl-to-ipfs: Publishing to IPNS key bellingcat_ukraine ... 
--- 
curl-to-ipfs: 18/04/2022 13:45:00,86 started... 
file 1 size is 109686 
file 2 size is 2360 
file 3 size is 168816 
        1 file(s) copied.
        1 file(s) copied.
        1 file(s) copied.
CID: QmScfD6fcPqY1KH4NBrUwbLmjSCJL6sceqa8ni8hc9Vxt2 
https://bafybeib7rcnrrezndvyw3xsocqdrcevhyqg3bdt2ixbs2hs674qds622rm.ipfs.dweb.link 
curl-to-ipfs: Pinning... 
pinned QmScfD6fcPqY1KH4NBrUwbLmjSCJL6sceqa8ni8hc9Vxt2 recursively
Uploading 8 files
Content added with CID: bafybeib4pp4oo4nrmoymb2v34yzcoqqa3w4lzuqrgmckza5t5n5vx4pp2u
curl-to-ipfs: Publishing to IPNS key bellingcat_ukraine ... 
--- 
curl-to-ipfs: 18/04/2022 21:45:00,91 started... 
file 1 size is 109686 
file 2 size is 2360 
file 3 size is 168971 
        1 file(s) copied.
        1 file(s) copied.
        1 file(s) copied.
CID: QmYXVbxbd1oQk7vQaaq7EJYoF94Rxf72jeiQyHDj4UiStG 
https://bafybeiexlp3ekb6gwu7f5s7igkcaxw2bp44u4b4pgdlmogyud7meydr6te.ipfs.dweb.link 
curl-to-ipfs: Pinning... 
pinned QmYXVbxbd1oQk7vQaaq7EJYoF94Rxf72jeiQyHDj4UiStG recursively
Uploading 8 files
Content added with CID: bafybeigcwjpjery4mpgek2d6wt4u5pm6ky623r65qugolbunqw37icmv6e
curl-to-ipfs: Publishing to IPNS key bellingcat_ukraine ... 
--- 
curl-to-ipfs: 19/04/2022 11:22:49,60 started... 
file 1 size is 110566 
file 2 size is 2360 
file 3 size is 168971 
        1 file(s) copied.
        1 file(s) copied.
        1 file(s) copied.
CID: QmNWKdMciA3FxtJQuLwqDwSgzgZBAALDGyD2FGSvUpr9fS 
https://bafybeiacpi5wxvdx3uyj5d3fothshjxras2xkaeqjrkqdtgf6rfb6dcsbu.ipfs.dweb.link 
curl-to-ipfs: Pinning... 
pinned QmNWKdMciA3FxtJQuLwqDwSgzgZBAALDGyD2FGSvUpr9fS recursively
Uploading 8 files
Content added with CID: bafybeihyd4wpzcfvvr4dlvpnwjnmb7nvcpggccjzdy3rkardjnvehc3hwa
curl-to-ipfs: Publishing to IPNS key bellingcat_ukraine ... 
Published to k2k4r8k7lcogpmkq9mkf3ykg1rexvhmxcinz5z91k8v49gbem6ivjp1v: /ipfs/QmNWKdMciA3FxtJQuLwqDwSgzgZBAALDGyD2FGSvUpr9fS
--- 
curl-to-ipfs: 19/04/2022 13:45:01,43 started... 
file 1 size is 110566 
file 2 size is 2360 
file 3 size is 168971 
        1 file(s) copied.
        1 file(s) copied.
        1 file(s) copied.
CID: QmNWKdMciA3FxtJQuLwqDwSgzgZBAALDGyD2FGSvUpr9fS 
https://bafybeiacpi5wxvdx3uyj5d3fothshjxras2xkaeqjrkqdtgf6rfb6dcsbu.ipfs.dweb.link 
curl-to-ipfs: Pinning... 
pinned QmNWKdMciA3FxtJQuLwqDwSgzgZBAALDGyD2FGSvUpr9fS recursively
Uploading 8 files
Content added with CID: bafybeihyd4wpzcfvvr4dlvpnwjnmb7nvcpggccjzdy3rkardjnvehc3hwa
curl-to-ipfs: Publishing to IPNS key bellingcat_ukraine ... 
Published to k2k4r8k7lcogpmkq9mkf3ykg1rexvhmxcinz5z91k8v49gbem6ivjp1v: /ipfs/QmNWKdMciA3FxtJQuLwqDwSgzgZBAALDGyD2FGSvUpr9fS
--- 
curl-to-ipfs: 19/04/2022 21:45:01,03 started... 
file 1 size is 110566 
file 2 size is 2360 
file 3 size is 173688 
        1 file(s) copied.
        1 file(s) copied.
        1 file(s) copied.
CID: QmXcLoygiUJAGFM1tyYixAERm5MuAkUzzpMAZ2WfxKrKKw 
https://bafybeiejxy6lcyzlxzkcux2xhzsiosszz5rlb3zazdudlhusmykshl4v7i.ipfs.dweb.link 
curl-to-ipfs: Pinning... 
pinned QmXcLoygiUJAGFM1tyYixAERm5MuAkUzzpMAZ2WfxKrKKw recursively
Uploading 8 files
Content added with CID: bafybeignfe4xdqk254bm6qxfuqhnlrzk4mmxtnxiw3dzuj6p5tavo2rxsa
curl-to-ipfs: Publishing to IPNS key bellingcat_ukraine ... 
Published to k2k4r8k7lcogpmkq9mkf3ykg1rexvhmxcinz5z91k8v49gbem6ivjp1v: /ipfs/QmXcLoygiUJAGFM1tyYixAERm5MuAkUzzpMAZ2WfxKrKKw
--- 
curl-to-ipfs: 20/04/2022 13:45:00,84 started... 
file 1 size is 113548 
file 2 size is 2360 
file 3 size is 173688 
        1 file(s) copied.
        1 file(s) copied.
        1 file(s) copied.
CID: QmXpP2h8ozhgfT9RCYviZwsbDdVmgSKqoeBQsBkJr4CZLX 
https://bafybeiem2o3varmrvgyshqrtp7ad6danz5viaoq3mjqsb5is6fltpzc3gq.ipfs.dweb.link 
curl-to-ipfs: Pinning... 
pinned QmXpP2h8ozhgfT9RCYviZwsbDdVmgSKqoeBQsBkJr4CZLX recursively
Uploading 8 files
Content added with CID: bafybeic3a57nbh2elzj7lvla5soest5p7rghum5qoys464e2xjfurceca4
curl-to-ipfs: Publishing to IPNS key bellingcat_ukraine ... 
--- 
curl-to-ipfs: 20/04/2022 21:45:00,95 started... 
file 1 size is 114822 
file 2 size is 2360 
file 3 size is 174502 
        1 file(s) copied.
        1 file(s) copied.
        1 file(s) copied.
CID: QmTmLfoaRJZudBRuPjRHHLKsZXDzUTkRfQTjaDrpDU7NWk 
https://bafybeicqtwhkwsttnhqa5nyi5gxgl53zzezrc7elcewqw6fkmmkuaaksce.ipfs.dweb.link 
curl-to-ipfs: Pinning... 
pinned QmTmLfoaRJZudBRuPjRHHLKsZXDzUTkRfQTjaDrpDU7NWk recursively
Uploading 8 files
Content added with CID: bafybeieghfm2opc4ry445kurf5jn2oejtcgr4chgg5ssykglge2zqezkse
curl-to-ipfs: Publishing to IPNS key bellingcat_ukraine ... 
--- 
curl-to-ipfs: 20/04/2022 22:16:15,54 started... 
file 1 size is 114822 
file 2 size is 2360 
file 3 size is 174502 
        1 file(s) copied.
        1 file(s) copied.
        1 file(s) copied.
CID: QmTmLfoaRJZudBRuPjRHHLKsZXDzUTkRfQTjaDrpDU7NWk 
https://bafybeicqtwhkwsttnhqa5nyi5gxgl53zzezrc7elcewqw6fkmmkuaaksce.ipfs.dweb.link 
curl-to-ipfs: Pinning... 
pinned QmTmLfoaRJZudBRuPjRHHLKsZXDzUTkRfQTjaDrpDU7NWk recursively
Uploading 8 files
Content added with CID: bafybeieghfm2opc4ry445kurf5jn2oejtcgr4chgg5ssykglge2zqezkse
curl-to-ipfs: Publishing to IPNS key bellingcat_ukraine ... 
Published to k2k4r8k7lcogpmkq9mkf3ykg1rexvhmxcinz5z91k8v49gbem6ivjp1v: /ipfs/QmTmLfoaRJZudBRuPjRHHLKsZXDzUTkRfQTjaDrpDU7NWk
--- 
curl-to-ipfs: 21/04/2022 13:45:00,87 started... 
file 1 size is 114822 
file 2 size is 2360 
file 3 size is 174502 
        1 file(s) copied.
        1 file(s) copied.
        1 file(s) copied.
CID: QmTmLfoaRJZudBRuPjRHHLKsZXDzUTkRfQTjaDrpDU7NWk 
https://bafybeicqtwhkwsttnhqa5nyi5gxgl53zzezrc7elcewqw6fkmmkuaaksce.ipfs.dweb.link 
curl-to-ipfs: Pinning... 
pinned QmTmLfoaRJZudBRuPjRHHLKsZXDzUTkRfQTjaDrpDU7NWk recursively
Uploading 8 files
Content added with CID: bafybeieghfm2opc4ry445kurf5jn2oejtcgr4chgg5ssykglge2zqezkse
curl-to-ipfs: Publishing to IPNS key bellingcat_ukraine ... 
--- 
curl-to-ipfs: 21/04/2022 20:06:59,00 started... 
file 1 size is 114822 
file 2 size is 2360 
file 3 size is 174502 
        1 file(s) copied.
        1 file(s) copied.
        1 file(s) copied.
CID: QmTmLfoaRJZudBRuPjRHHLKsZXDzUTkRfQTjaDrpDU7NWk 
https://bafybeicqtwhkwsttnhqa5nyi5gxgl53zzezrc7elcewqw6fkmmkuaaksce.ipfs.dweb.link 
curl-to-ipfs: Pinning... 
pinned QmTmLfoaRJZudBRuPjRHHLKsZXDzUTkRfQTjaDrpDU7NWk recursively
Uploading 8 files
Content added with CID: bafybeieghfm2opc4ry445kurf5jn2oejtcgr4chgg5ssykglge2zqezkse
curl-to-ipfs: Publishing to IPNS key bellingcat_ukraine ... 
Published to k2k4r8k7lcogpmkq9mkf3ykg1rexvhmxcinz5z91k8v49gbem6ivjp1v: /ipfs/QmTmLfoaRJZudBRuPjRHHLKsZXDzUTkRfQTjaDrpDU7NWk
--- 
curl-to-ipfs: 21/04/2022 21:45:00,90 started... 
file 1 size is 114822 
file 2 size is 2360 
file 3 size is 174699 
        1 file(s) copied.
        1 file(s) copied.
        1 file(s) copied.
CID: QmcotekMhbmdyEEojtg8H4UCd5j3JzjHvueCE1S1BYKbBZ 
https://bafybeigw7yic3cvdlf4spazmd7pzbqniztsxc3edjzn7m6lagxb4xzlrvq.ipfs.dweb.link 
curl-to-ipfs: Pinning... 
pinned QmcotekMhbmdyEEojtg8H4UCd5j3JzjHvueCE1S1BYKbBZ recursively
Uploading 8 files
Content added with CID: bafybeihulgxmdchkx744b6iffaehcpw6tptbtyiq5otvm7qz35chgx7dra
curl-to-ipfs: Publishing to IPNS key bellingcat_ukraine ... 
Published to k2k4r8k7lcogpmkq9mkf3ykg1rexvhmxcinz5z91k8v49gbem6ivjp1v: /ipfs/QmcotekMhbmdyEEojtg8H4UCd5j3JzjHvueCE1S1BYKbBZ
--- 
curl-to-ipfs: 22/04/2022  8:56:30,53 started... 
file 1 size is 115070 
file 2 size is 2360 
file 3 size is 174699 
        1 file(s) copied.
        1 file(s) copied.
        1 file(s) copied.
CID: Qma184uFXrFhrKe4zNuDey9zx7EyGMXe5yybbaRyruH4LD 
https://bafybeifnjoh3grmdusehstai7yralt2xi3tjajbgyf7e3v26wevb6asqey.ipfs.dweb.link 
curl-to-ipfs: Pinning... 
pinned Qma184uFXrFhrKe4zNuDey9zx7EyGMXe5yybbaRyruH4LD recursively
Uploading 8 files
Content added with CID: bafybeific4noj2il5mauxyqypzgqfktwo3z2k3j4iwiopyfdn6ocsxqyku
curl-to-ipfs: Publishing to IPNS key bellingcat_ukraine ... 
Published to k2k4r8k7lcogpmkq9mkf3ykg1rexvhmxcinz5z91k8v49gbem6ivjp1v: /ipfs/Qma184uFXrFhrKe4zNuDey9zx7EyGMXe5yybbaRyruH4LD
